==================== Test output for //tensorflow/core/kernels:mkl_matmul_op_test:
Running main() from test_main.cc
Benchmark                                                     Time(ns) Iterations
---------------------------------------------------------------------------------
BM_Matmul_Default_128_36_36_false_false_float_cpu_1              24265      29123	 13673.0M items/s
BM_Matmul_Mkl_128_36_36_false_false_float_cpu_1                  22325      30526	 14861.5M items/s
BM_Matmul_Default_128_36_36_false_false_float_cpu_2              23807      29151	 13935.9M items/s
BM_Matmul_Mkl_128_36_36_false_false_float_cpu_2                  21783      31637	 15230.7M items/s
BM_Matmul_Default_128_36_36_false_false_float_cpu_4              23151      29629	 14330.7M items/s
BM_Matmul_Mkl_128_36_36_false_false_float_cpu_4                  48205      14388	 6882.6M items/s
BM_Matmul_Default_128_36_36_false_false_float_cpu_8              23657      29147	 14024.2M items/s
BM_Matmul_Mkl_128_36_36_false_false_float_cpu_8                  23151      29592	 14331.0M items/s
BM_Matmul_Default_128_36_36_false_false_float_cpu_16             23656      29188	 14025.0M items/s
BM_Matmul_Mkl_128_36_36_false_false_float_cpu_16                 21630      31276	 15338.4M items/s
BM_Matmul_Default_128_36_36_false_false_bfloat16_cpu_1           29541      23055	 11231.0M items/s
BM_Matmul_Mkl_128_36_36_false_false_bfloat16_cpu_1               23971      28773	 13840.8M items/s
BM_Matmul_Default_128_36_36_false_false_bfloat16_cpu_2           29910      22809	 11092.4M items/s
BM_Matmul_Mkl_128_36_36_false_false_bfloat16_cpu_2               48068      14370	 6902.3M items/s
BM_Matmul_Default_128_36_36_false_false_bfloat16_cpu_4           29441      23312	 11269.3M items/s
BM_Matmul_Mkl_128_36_36_false_false_bfloat16_cpu_4               54206      10000	 6120.6M items/s
BM_Matmul_Default_128_36_36_false_false_bfloat16_cpu_8           30585      22746	 10847.6M items/s
BM_Matmul_Mkl_128_36_36_false_false_bfloat16_cpu_8               64201      10000	 5167.7M items/s
BM_Matmul_Default_128_36_36_false_false_bfloat16_cpu_16          29877      23109	 11104.6M items/s
BM_Matmul_Mkl_128_36_36_false_false_bfloat16_cpu_16              79052       8745	 4196.9M items/s
BM_Matmul_Default_128_144_80_false_false_float_cpu_1             46878      15228	 62910.2M items/s
BM_Matmul_Mkl_128_144_80_false_false_float_cpu_1                 37982      18484	 77644.9M items/s
BM_Matmul_Default_128_144_80_false_false_float_cpu_2             45378      15798	 64989.9M items/s
BM_Matmul_Mkl_128_144_80_false_false_float_cpu_2                 51193      10000	 57608.3M items/s
BM_Matmul_Default_128_144_80_false_false_float_cpu_4             44225      14998	 66684.4M items/s
BM_Matmul_Mkl_128_144_80_false_false_float_cpu_4                 52986      10000	 55658.3M items/s
BM_Matmul_Default_128_144_80_false_false_float_cpu_8             44800      15574	 65828.8M items/s
BM_Matmul_Mkl_128_144_80_false_false_float_cpu_8                 55172      10000	 53452.7M items/s
BM_Matmul_Default_128_144_80_false_false_float_cpu_16            44730      15304	 65932.3M items/s
BM_Matmul_Mkl_128_144_80_false_false_float_cpu_16                67303      10000	 43818.6M items/s
BM_Matmul_Default_128_144_80_false_false_bfloat16_cpu_1          60130      10000	 49045.6M items/s
BM_Matmul_Mkl_128_144_80_false_false_bfloat16_cpu_1              33771      20152	 87328.0M items/s
BM_Matmul_Default_128_144_80_false_false_bfloat16_cpu_2          59807      10000	 49310.7M items/s
BM_Matmul_Mkl_128_144_80_false_false_bfloat16_cpu_2              50918      10000	 57918.9M items/s
BM_Matmul_Default_128_144_80_false_false_bfloat16_cpu_4          60154      10000	 49026.2M items/s
BM_Matmul_Mkl_128_144_80_false_false_bfloat16_cpu_4              57346      10000	 51426.8M items/s
BM_Matmul_Default_128_144_80_false_false_bfloat16_cpu_8          60743      10000	 48551.0M items/s
BM_Matmul_Mkl_128_144_80_false_false_bfloat16_cpu_8              68674      10000	 42943.9M items/s
BM_Matmul_Default_128_144_80_false_false_bfloat16_cpu_16         59947      10000	 49195.3M items/s
BM_Matmul_Mkl_128_144_80_false_false_bfloat16_cpu_16             82972       8515	 35543.6M items/s
BM_Matmul_Default_128_80_40_false_false_float_cpu_1              28719      24633	 28525.0M items/s
BM_Matmul_Mkl_128_80_40_false_false_float_cpu_1                  25009      27566	 32756.7M items/s
BM_Matmul_Default_128_80_40_false_false_float_cpu_2              27665      24919	 29611.2M items/s
BM_Matmul_Mkl_128_80_40_false_false_float_cpu_2                  50688      10000	 16161.6M items/s
BM_Matmul_Default_128_80_40_false_false_float_cpu_4              28708      24513	 28535.4M items/s
BM_Matmul_Mkl_128_80_40_false_false_float_cpu_4                  50977      10000	 16070.1M items/s
BM_Matmul_Default_128_80_40_false_false_float_cpu_8              26075      23995	 31416.6M items/s
BM_Matmul_Mkl_128_80_40_false_false_float_cpu_8                  54389      10000	 15061.8M items/s
BM_Matmul_Default_128_80_40_false_false_float_cpu_16             27980      25400	 29278.5M items/s
BM_Matmul_Mkl_128_80_40_false_false_float_cpu_16                 67274      10000	 12177.2M items/s
BM_Matmul_Default_128_80_40_false_false_bfloat16_cpu_1           38113      18054	 21493.7M items/s
BM_Matmul_Mkl_128_80_40_false_false_bfloat16_cpu_1               24193      28673	 33861.3M items/s
BM_Matmul_Default_128_80_40_false_false_bfloat16_cpu_2           38340      18393	 21366.8M items/s
BM_Matmul_Mkl_128_80_40_false_false_bfloat16_cpu_2               47648      14471	 17192.9M items/s
BM_Matmul_Default_128_80_40_false_false_bfloat16_cpu_4           38263      18089	 21410.0M items/s
BM_Matmul_Mkl_128_80_40_false_false_bfloat16_cpu_4               54502      10000	 15030.8M items/s
BM_Matmul_Default_128_80_40_false_false_bfloat16_cpu_8           37916      18309	 21605.7M items/s
BM_Matmul_Mkl_128_80_40_false_false_bfloat16_cpu_8               65463      10000	 12514.0M items/s
BM_Matmul_Default_128_80_40_false_false_bfloat16_cpu_16          38602      18140	 21221.4M items/s
BM_Matmul_Mkl_128_80_40_false_false_bfloat16_cpu_16              78575       8890	 10425.6M items/s
BM_Matmul_Default_128_40_1_false_false_float_cpu_1               17607      39284	 581.6M items/s
BM_Matmul_Mkl_128_40_1_false_false_float_cpu_1                   17982      38549	 569.5M items/s
BM_Matmul_Default_128_40_1_false_false_float_cpu_2               18173      38918	 563.5M items/s
BM_Matmul_Mkl_128_40_1_false_false_float_cpu_2                   18734      36602	 546.6M items/s
BM_Matmul_Default_128_40_1_false_false_float_cpu_4               18470      39191	 554.4M items/s
BM_Matmul_Mkl_128_40_1_false_false_float_cpu_4                   19012      37281	 538.6M items/s
BM_Matmul_Default_128_40_1_false_false_float_cpu_8               18555      39149	 551.9M items/s
BM_Matmul_Mkl_128_40_1_false_false_float_cpu_8                   19110      36636	 535.9M items/s
BM_Matmul_Default_128_40_1_false_false_float_cpu_16              17895      39042	 572.2M items/s
BM_Matmul_Mkl_128_40_1_false_false_float_cpu_16                  19007      37232	 538.7M items/s
BM_Matmul_Default_128_40_1_false_false_bfloat16_cpu_1            21905      29902	 467.5M items/s
BM_Matmul_Mkl_128_40_1_false_false_bfloat16_cpu_1                22257      31811	 460.1M items/s
BM_Matmul_Default_128_40_1_false_false_bfloat16_cpu_2            21009      33682	 487.4M items/s
BM_Matmul_Mkl_128_40_1_false_false_bfloat16_cpu_2                45984      15229	 222.7M items/s
BM_Matmul_Default_128_40_1_false_false_bfloat16_cpu_4            20685      30555	 495.0M items/s
BM_Matmul_Mkl_128_40_1_false_false_bfloat16_cpu_4                45788      15465	 223.6M items/s
BM_Matmul_Default_128_40_1_false_false_bfloat16_cpu_8            23524      33186	 435.3M items/s
BM_Matmul_Mkl_128_40_1_false_false_bfloat16_cpu_8                52504      10000	 195.0M items/s
BM_Matmul_Default_128_40_1_false_false_bfloat16_cpu_16           20623      33352	 496.5M items/s
BM_Matmul_Mkl_128_40_1_false_false_bfloat16_cpu_16               73108       9453	 140.1M items/s
BM_Matmul_Default_1_128_36_false_false_float_cpu_1               16848      41310	 547.0M items/s
BM_Matmul_Mkl_1_128_36_false_false_float_cpu_1                   16197      44009	 569.0M items/s
BM_Matmul_Default_1_128_36_false_false_float_cpu_2               15617      41883	 590.1M items/s
BM_Matmul_Mkl_1_128_36_false_false_float_cpu_2                   16080      44228	 573.1M items/s
BM_Matmul_Default_1_128_36_false_false_float_cpu_4               16355      43618	 563.5M items/s
BM_Matmul_Mkl_1_128_36_false_false_float_cpu_4                   15406      43063	 598.2M items/s
BM_Matmul_Default_1_128_36_false_false_float_cpu_8               16605      44373	 555.0M items/s
BM_Matmul_Mkl_1_128_36_false_false_float_cpu_8                   16549      41722	 556.9M items/s
BM_Matmul_Default_1_128_36_false_false_float_cpu_16              16714      41570	 551.4M items/s
BM_Matmul_Mkl_1_128_36_false_false_float_cpu_16                  16458      42918	 560.0M items/s
BM_Matmul_Default_1_128_36_false_false_bfloat16_cpu_1            19698      35602	 467.9M items/s
BM_Matmul_Mkl_1_128_36_false_false_bfloat16_cpu_1                20339      33146	 453.1M items/s
BM_Matmul_Default_1_128_36_false_false_bfloat16_cpu_2            19965      33546	 461.6M items/s
BM_Matmul_Mkl_1_128_36_false_false_bfloat16_cpu_2                45366      15443	 203.1M items/s
BM_Matmul_Default_1_128_36_false_false_bfloat16_cpu_4            19664      35555	 468.7M items/s
BM_Matmul_Mkl_1_128_36_false_false_bfloat16_cpu_4                43528      16096	 211.7M items/s
BM_Matmul_Default_1_128_36_false_false_bfloat16_cpu_8            20275      34907	 454.6M items/s
BM_Matmul_Mkl_1_128_36_false_false_bfloat16_cpu_8                52984      10000	 173.9M items/s
BM_Matmul_Default_1_128_36_false_false_bfloat16_cpu_16           19979      35044	 461.3M items/s
BM_Matmul_Mkl_1_128_36_false_false_bfloat16_cpu_16               73303       9328	 125.7M items/s
BM_Matmul_Default_128_162_200_false_false_float_cpu_1            78047       8794	 106274.2M items/s
BM_Matmul_Mkl_128_162_200_false_false_float_cpu_1                65963      10000	 125743.2M items/s
BM_Matmul_Default_128_162_200_false_false_float_cpu_2            77736       8827	 106699.1M items/s
BM_Matmul_Mkl_128_162_200_false_false_float_cpu_2                71644       9956	 115771.7M items/s
BM_Matmul_Default_128_162_200_false_false_float_cpu_4            77598       8876	 106889.9M items/s
BM_Matmul_Mkl_128_162_200_false_false_float_cpu_4                70932      10000	 116934.5M items/s
BM_Matmul_Default_128_162_200_false_false_float_cpu_8            78134       8723	 106155.4M items/s
BM_Matmul_Mkl_128_162_200_false_false_float_cpu_8                66225      10000	 125245.8M items/s
BM_Matmul_Default_128_162_200_false_false_float_cpu_16           78440       7427	 105742.3M items/s
BM_Matmul_Mkl_128_162_200_false_false_float_cpu_16               79940       8580	 103758.3M items/s
BM_Matmul_Default_128_162_200_false_false_bfloat16_cpu_1        103685       6534	 79996.5M items/s
BM_Matmul_Mkl_128_162_200_false_false_bfloat16_cpu_1             48740      14327	 170174.7M items/s
BM_Matmul_Default_128_162_200_false_false_bfloat16_cpu_2        105234       6578	 78818.3M items/s
BM_Matmul_Mkl_128_162_200_false_false_bfloat16_cpu_2             57442      10000	 144397.1M items/s
BM_Matmul_Default_128_162_200_false_false_bfloat16_cpu_4        105873       6636	 78343.2M items/s
BM_Matmul_Mkl_128_162_200_false_false_bfloat16_cpu_4             67332      10000	 123186.0M items/s
BM_Matmul_Default_128_162_200_false_false_bfloat16_cpu_8        104763       6674	 79172.9M items/s
BM_Matmul_Mkl_128_162_200_false_false_bfloat16_cpu_8             74434       9254	 111432.3M items/s
BM_Matmul_Default_128_162_200_false_false_bfloat16_cpu_16       104259       6633	 79555.8M items/s
BM_Matmul_Mkl_128_162_200_false_false_bfloat16_cpu_16            87973       7923	 94283.6M items/s
BM_Matmul_Default_128_200_80_false_false_float_cpu_1             53280      10000	 76877.2M items/s
BM_Matmul_Mkl_128_200_80_false_false_float_cpu_1                 43014      16294	 95223.7M items/s
BM_Matmul_Default_128_200_80_false_false_float_cpu_2             53030      10000	 77239.7M items/s
BM_Matmul_Mkl_128_200_80_false_false_float_cpu_2                 54797      10000	 74748.9M items/s
BM_Matmul_Default_128_200_80_false_false_float_cpu_4             52456      10000	 78084.3M items/s
BM_Matmul_Mkl_128_200_80_false_false_float_cpu_4                 54859      10000	 74664.7M items/s
BM_Matmul_Default_128_200_80_false_false_float_cpu_8             52484      10000	 78042.2M items/s
BM_Matmul_Mkl_128_200_80_false_false_float_cpu_8                 54512      10000	 75140.0M items/s
BM_Matmul_Default_128_200_80_false_false_float_cpu_16            53131      10000	 77092.2M items/s
BM_Matmul_Mkl_128_200_80_false_false_float_cpu_16                67659      10000	 60538.5M items/s
BM_Matmul_Default_128_200_80_false_false_bfloat16_cpu_1          71315       9620	 57434.9M items/s
BM_Matmul_Mkl_128_200_80_false_false_bfloat16_cpu_1              37899      18092	 108077.0M items/s
BM_Matmul_Default_128_200_80_false_false_bfloat16_cpu_2          71316       9654	 57434.6M items/s
BM_Matmul_Mkl_128_200_80_false_false_bfloat16_cpu_2              52448      10000	 78096.0M items/s
BM_Matmul_Default_128_200_80_false_false_bfloat16_cpu_4          71258       9672	 57481.2M items/s
BM_Matmul_Mkl_128_200_80_false_false_bfloat16_cpu_4              58640      10000	 69849.5M items/s
BM_Matmul_Default_128_200_80_false_false_bfloat16_cpu_8          75045       9709	 54580.8M items/s
BM_Matmul_Mkl_128_200_80_false_false_bfloat16_cpu_8              70636       9746	 57987.0M items/s
BM_Matmul_Default_128_200_80_false_false_bfloat16_cpu_16         71759       9413	 57079.7M items/s
BM_Matmul_Mkl_128_200_80_false_false_bfloat16_cpu_16             84229       8275	 48629.6M items/s
BM_Matmul_Default_128_80_2_false_false_float_cpu_1               21113      33461	 1940.1M items/s
BM_Matmul_Mkl_128_80_2_false_false_float_cpu_1                   22163      30523	 1848.1M items/s
BM_Matmul_Default_128_80_2_false_false_float_cpu_2               20753      32388	 1973.7M items/s
BM_Matmul_Mkl_128_80_2_false_false_float_cpu_2                   45759      15251	 895.1M items/s
BM_Matmul_Default_128_80_2_false_false_float_cpu_4               21012      32926	 1949.3M items/s
BM_Matmul_Mkl_128_80_2_false_false_float_cpu_4                   39012      18017	 1049.9M items/s
BM_Matmul_Default_128_80_2_false_false_float_cpu_8               21030      32685	 1947.7M items/s
BM_Matmul_Mkl_128_80_2_false_false_float_cpu_8                   38213      17984	 1071.9M items/s
BM_Matmul_Default_128_80_2_false_false_float_cpu_16              20523      33031	 1995.8M items/s
BM_Matmul_Mkl_128_80_2_false_false_float_cpu_16                  69675      10000	 587.9M items/s
BM_Matmul_Default_128_80_2_false_false_bfloat16_cpu_1            28167      25691	 1454.2M items/s
BM_Matmul_Mkl_128_80_2_false_false_bfloat16_cpu_1                22909      31300	 1787.9M items/s
BM_Matmul_Default_128_80_2_false_false_bfloat16_cpu_2            27677      25171	 1479.9M items/s
BM_Matmul_Mkl_128_80_2_false_false_bfloat16_cpu_2                45672      15216	 896.8M items/s
BM_Matmul_Default_128_80_2_false_false_bfloat16_cpu_4            27850      25207	 1470.7M items/s
BM_Matmul_Mkl_128_80_2_false_false_bfloat16_cpu_4                49460      14212	 828.1M items/s
BM_Matmul_Default_128_80_2_false_false_bfloat16_cpu_8            27218      25855	 1504.9M items/s
BM_Matmul_Mkl_128_80_2_false_false_bfloat16_cpu_8                55238      10000	 741.5M items/s
BM_Matmul_Default_128_80_2_false_false_bfloat16_cpu_16           27152      25142	 1508.5M items/s
BM_Matmul_Mkl_128_80_2_false_false_bfloat16_cpu_16               75442       9364	 542.9M items/s
BM_Matmul_Default_128_2_1_false_false_float_cpu_1                17202      40276	 29.8M items/s
BM_Matmul_Mkl_128_2_1_false_false_float_cpu_1                    18061      39982	 28.3M items/s
BM_Matmul_Default_128_2_1_false_false_float_cpu_2                17214      40077	 29.7M items/s
BM_Matmul_Mkl_128_2_1_false_false_float_cpu_2                    17886      38678	 28.6M items/s
BM_Matmul_Default_128_2_1_false_false_float_cpu_4                15948      43371	 32.1M items/s
BM_Matmul_Mkl_128_2_1_false_false_float_cpu_4                    16227      40798	 31.6M items/s
BM_Matmul_Default_128_2_1_false_false_float_cpu_8                16118      42317	 31.8M items/s
BM_Matmul_Mkl_128_2_1_false_false_float_cpu_8                    18022      39223	 28.4M items/s
BM_Matmul_Default_128_2_1_false_false_float_cpu_16               16594      40794	 30.9M items/s
BM_Matmul_Mkl_128_2_1_false_false_float_cpu_16                   17958      39579	 28.5M items/s
BM_Matmul_Default_128_2_1_false_false_bfloat16_cpu_1             19462      35388	 26.3M items/s
BM_Matmul_Mkl_128_2_1_false_false_bfloat16_cpu_1                 20591      34026	 24.9M items/s
BM_Matmul_Default_128_2_1_false_false_bfloat16_cpu_2             19584      34557	 26.1M items/s
BM_Matmul_Mkl_128_2_1_false_false_bfloat16_cpu_2                 44893      15556	 11.4M items/s
BM_Matmul_Default_128_2_1_false_false_bfloat16_cpu_4             19101      36896	 26.8M items/s
BM_Matmul_Mkl_128_2_1_false_false_bfloat16_cpu_4                 40673      17241	 12.6M items/s
BM_Matmul_Default_128_2_1_false_false_bfloat16_cpu_8             18811      36785	 27.2M items/s
BM_Matmul_Mkl_128_2_1_false_false_bfloat16_cpu_8                 51809      10000	 9.9M items/s
BM_Matmul_Default_128_2_1_false_false_bfloat16_cpu_16            19523      35613	 26.2M items/s
BM_Matmul_Mkl_128_2_1_false_false_bfloat16_cpu_16                72129       9586	 7.1M items/s
BM_Matmul_Default_512_13_512_false_false_float_cpu_1             86080       7525	 79178.9M items/s
BM_Matmul_Mkl_512_13_512_false_false_float_cpu_1                 61354      10000	 111089.7M items/s
BM_Matmul_Default_512_13_512_false_false_float_cpu_2            154836       4483	 44019.2M items/s
BM_Matmul_Mkl_512_13_512_false_false_float_cpu_2                 62726      10000	 108658.3M items/s
BM_Matmul_Default_512_13_512_false_false_float_cpu_4            165659       4203	 41143.3M items/s
BM_Matmul_Mkl_512_13_512_false_false_float_cpu_4                 86828       7972	 78496.9M items/s
BM_Matmul_Default_512_13_512_false_false_float_cpu_8            170082       4229	 40073.4M items/s
BM_Matmul_Mkl_512_13_512_false_false_float_cpu_8                100848       6523	 67584.3M items/s
BM_Matmul_Default_512_13_512_false_false_float_cpu_16           166864       4031	 40846.1M items/s
BM_Matmul_Mkl_512_13_512_false_false_float_cpu_16               115080       5909	 59226.1M items/s
BM_Matmul_Default_512_13_512_false_false_bfloat16_cpu_1         178233       4004	 38240.6M items/s
BM_Matmul_Mkl_512_13_512_false_false_bfloat16_cpu_1              56446      10000	 120747.0M items/s
BM_Matmul_Default_512_13_512_false_false_bfloat16_cpu_2         359347       1975	 18967.0M items/s
BM_Matmul_Mkl_512_13_512_false_false_bfloat16_cpu_2              62625      10000	 108833.9M items/s
BM_Matmul_Default_512_13_512_false_false_bfloat16_cpu_4         355298       2016	 19183.2M items/s
BM_Matmul_Mkl_512_13_512_false_false_bfloat16_cpu_4              83521       8246	 81605.5M items/s
BM_Matmul_Default_512_13_512_false_false_bfloat16_cpu_8         323306       2013	 21081.4M items/s
BM_Matmul_Mkl_512_13_512_false_false_bfloat16_cpu_8              94699       7232	 71972.5M items/s
BM_Matmul_Default_512_13_512_false_false_bfloat16_cpu_16        330367       2212	 20630.8M items/s
BM_Matmul_Mkl_512_13_512_false_false_bfloat16_cpu_16            109695       6258	 62133.6M items/s
BM_Matmul_Default_512_512_256_false_false_float_cpu_1           760002        878	 176601.7M items/s
BM_Matmul_Mkl_512_512_256_false_false_float_cpu_1               660732       1000	 203134.9M items/s
BM_Matmul_Default_512_512_256_false_false_float_cpu_2           584580       1000	 229596.9M items/s
BM_Matmul_Mkl_512_512_256_false_false_float_cpu_2               522800       1000	 256728.6M items/s
BM_Matmul_Default_512_512_256_false_false_float_cpu_4           330992       2095	 405501.6M items/s
BM_Matmul_Mkl_512_512_256_false_false_float_cpu_4               224129       2309	 598842.4M items/s
BM_Matmul_Default_512_512_256_false_false_float_cpu_8           244762       2914	 548360.5M items/s
BM_Matmul_Mkl_512_512_256_false_false_float_cpu_8               171942       4009	 780597.1M items/s
BM_Matmul_Default_512_512_256_false_false_float_cpu_16          226498       3111	 592579.1M items/s
BM_Matmul_Mkl_512_512_256_false_false_float_cpu_16              141785       4916	 946625.9M items/s
BM_Matmul_Default_512_512_256_false_false_bfloat16_cpu_1        994925        585	 134902.4M items/s
BM_Matmul_Mkl_512_512_256_false_false_bfloat16_cpu_1            126023       5269	 1065024.4M items/s
BM_Matmul_Default_512_512_256_false_false_bfloat16_cpu_2        853731        759	 157213.1M items/s
BM_Matmul_Mkl_512_512_256_false_false_bfloat16_cpu_2             92545       7013	 1450294.9M items/s
BM_Matmul_Default_512_512_256_false_false_bfloat16_cpu_4        704348        919	 190555.9M items/s
BM_Matmul_Mkl_512_512_256_false_false_bfloat16_cpu_4             80971       7638	 1657603.8M items/s
BM_Matmul_Default_512_512_256_false_false_bfloat16_cpu_8        625836       1000	 214461.5M items/s
BM_Matmul_Mkl_512_512_256_false_false_bfloat16_cpu_8             96883       6901	 1385360.1M items/s
BM_Matmul_Default_512_512_256_false_false_bfloat16_cpu_16       551763       1000	 243252.5M items/s
BM_Matmul_Mkl_512_512_256_false_false_bfloat16_cpu_16           122225       5598	 1098117.8M items/s
BM_Matmul_Default_512_256_64_false_false_float_cpu_1            131394       5349	 127686.8M items/s
BM_Matmul_Mkl_512_256_64_false_false_float_cpu_1                107345       6499	 156292.3M items/s
BM_Matmul_Default_512_256_64_false_false_float_cpu_2            118083       5775	 142079.7M items/s
BM_Matmul_Mkl_512_256_64_false_false_float_cpu_2                 84853       8170	 197721.5M items/s
BM_Matmul_Default_512_256_64_false_false_float_cpu_4            146871       4760	 114231.3M items/s
BM_Matmul_Mkl_512_256_64_false_false_float_cpu_4                 73377       9534	 228643.8M items/s
BM_Matmul_Default_512_256_64_false_false_float_cpu_8            147835       4736	 113486.2M items/s
BM_Matmul_Mkl_512_256_64_false_false_float_cpu_8                 72893       9463	 230160.7M items/s
BM_Matmul_Default_512_256_64_false_false_float_cpu_16           148703       4730	 112824.0M items/s
BM_Matmul_Mkl_512_256_64_false_false_float_cpu_16                90253       7695	 185891.2M items/s
BM_Matmul_Default_512_256_64_false_false_bfloat16_cpu_1         194756       3541	 86144.9M items/s
BM_Matmul_Mkl_512_256_64_false_false_bfloat16_cpu_1              45269      15471	 370614.6M items/s
BM_Matmul_Default_512_256_64_false_false_bfloat16_cpu_2         208510       3435	 80462.4M items/s
BM_Matmul_Mkl_512_256_64_false_false_bfloat16_cpu_2              55042      10000	 304807.5M items/s
BM_Matmul_Default_512_256_64_false_false_bfloat16_cpu_4         240329       2954	 69809.5M items/s
BM_Matmul_Mkl_512_256_64_false_false_bfloat16_cpu_4              61241      10000	 273952.2M items/s
BM_Matmul_Default_512_256_64_false_false_bfloat16_cpu_8         239859       2957	 69946.2M items/s
BM_Matmul_Mkl_512_256_64_false_false_bfloat16_cpu_8              72253       9531	 232201.4M items/s
BM_Matmul_Default_512_256_64_false_false_bfloat16_cpu_16        236751       2930	 70864.4M items/s
BM_Matmul_Mkl_512_256_64_false_false_bfloat16_cpu_16             95569       7206	 175551.6M items/s
BM_Matmul_Default_512_64_16_false_false_float_cpu_1              33294      20704	 31494.7M items/s
BM_Matmul_Mkl_512_64_16_false_false_float_cpu_1                  25440      27679	 41217.4M items/s
BM_Matmul_Default_512_64_16_false_false_float_cpu_2              32348      21911	 32415.2M items/s
BM_Matmul_Mkl_512_64_16_false_false_float_cpu_2                  47805      14761	 21934.4M items/s
BM_Matmul_Default_512_64_16_false_false_float_cpu_4              32736      21121	 32031.3M items/s
BM_Matmul_Mkl_512_64_16_false_false_float_cpu_4                  49142      14278	 21337.8M items/s
BM_Matmul_Default_512_64_16_false_false_float_cpu_8              33273      21235	 31514.4M items/s
BM_Matmul_Mkl_512_64_16_false_false_float_cpu_8                  55820      10000	 18785.1M items/s
BM_Matmul_Default_512_64_16_false_false_float_cpu_16             33176      21071	 31606.2M items/s
BM_Matmul_Mkl_512_64_16_false_false_float_cpu_16                 73311       9462	 14303.2M items/s
BM_Matmul_Default_512_64_16_false_false_bfloat16_cpu_1           49012      14401	 21394.4M items/s
BM_Matmul_Mkl_512_64_16_false_false_bfloat16_cpu_1               23803      29358	 44051.9M items/s
BM_Matmul_Default_512_64_16_false_false_bfloat16_cpu_2           49237      14237	 21296.6M items/s
BM_Matmul_Mkl_512_64_16_false_false_bfloat16_cpu_2               47237      14975	 22198.0M items/s
BM_Matmul_Default_512_64_16_false_false_bfloat16_cpu_4           48672      14358	 21543.6M items/s
BM_Matmul_Mkl_512_64_16_false_false_bfloat16_cpu_4               52121      10000	 20118.0M items/s
BM_Matmul_Default_512_64_16_false_false_bfloat16_cpu_8           49189      14149	 21317.1M items/s
BM_Matmul_Mkl_512_64_16_false_false_bfloat16_cpu_8               60062      10000	 17458.1M items/s
BM_Matmul_Default_512_64_16_false_false_bfloat16_cpu_16          49016      14459	 21392.3M items/s
BM_Matmul_Mkl_512_64_16_false_false_bfloat16_cpu_16              79842       8722	 13133.1M items/s
BM_Matmul_Default_512_432_512_false_false_float_cpu_1          1312349        525	 172585.6M items/s
BM_Matmul_Mkl_512_432_512_false_false_float_cpu_1              1077272        622	 210246.3M items/s
BM_Matmul_Default_512_432_512_false_false_float_cpu_2           780606        855	 290149.5M items/s
BM_Matmul_Mkl_512_432_512_false_false_float_cpu_2               571084       1000	 396600.9M items/s
BM_Matmul_Default_512_432_512_false_false_float_cpu_4           524850       1000	 431537.4M items/s
BM_Matmul_Mkl_512_432_512_false_false_float_cpu_4               321407       2174	 704690.2M items/s
BM_Matmul_Default_512_432_512_false_false_float_cpu_8           363088       1888	 623795.0M items/s
BM_Matmul_Mkl_512_432_512_false_false_float_cpu_8               209731       3233	 1079920.7M items/s
BM_Matmul_Default_512_432_512_false_false_float_cpu_16          304123       2286	 744738.6M items/s
BM_Matmul_Mkl_512_432_512_false_false_float_cpu_16              180453       3722	 1255132.6M items/s
BM_Matmul_Default_512_432_512_false_false_bfloat16_cpu_1       1596938        404	 141829.2M items/s
BM_Matmul_Mkl_512_432_512_false_false_bfloat16_cpu_1            236481       2903	 957763.5M items/s
BM_Matmul_Default_512_432_512_false_false_bfloat16_cpu_2       1267088        512	 178750.4M items/s
BM_Matmul_Mkl_512_432_512_false_false_bfloat16_cpu_2            142060       4926	 1594340.1M items/s
BM_Matmul_Default_512_432_512_false_false_bfloat16_cpu_4        988564        656	 229112.5M items/s
BM_Matmul_Mkl_512_432_512_false_false_bfloat16_cpu_4            122586       5372	 1847626.2M items/s
BM_Matmul_Default_512_432_512_false_false_bfloat16_cpu_8        896477        818	 252647.3M items/s
BM_Matmul_Mkl_512_432_512_false_false_bfloat16_cpu_8            127996       5172	 1769522.8M items/s
BM_Matmul_Default_512_432_512_false_false_bfloat16_cpu_16       755791        767	 299675.8M items/s
BM_Matmul_Mkl_512_432_512_false_false_bfloat16_cpu_16           151269       4494	 1497286.6M items/s
BM_Matmul_Default_512_256_1_false_false_float_cpu_1              23320      29916	 11241.1M items/s
BM_Matmul_Mkl_512_256_1_false_false_float_cpu_1                  24160      28110	 10850.5M items/s
BM_Matmul_Default_512_256_1_false_false_float_cpu_2              23552      29863	 11130.3M items/s
BM_Matmul_Mkl_512_256_1_false_false_float_cpu_2                  46697      14930	 5613.7M items/s
BM_Matmul_Default_512_256_1_false_false_float_cpu_4              22170      31257	 11824.5M items/s
BM_Matmul_Mkl_512_256_1_false_false_float_cpu_4                  42791      16111	 6126.1M items/s
BM_Matmul_Default_512_256_1_false_false_float_cpu_8              23506      29077	 11152.2M items/s
BM_Matmul_Mkl_512_256_1_false_false_float_cpu_8                  51758      10000	 5064.8M items/s
BM_Matmul_Default_512_256_1_false_false_float_cpu_16             24091      29213	 10881.5M items/s
BM_Matmul_Mkl_512_256_1_false_false_float_cpu_16                 71025       9664	 3690.9M items/s
BM_Matmul_Default_512_256_1_false_false_bfloat16_cpu_1           73481       9313	 3567.5M items/s
BM_Matmul_Mkl_512_256_1_false_false_bfloat16_cpu_1               26004      26069	 10080.8M items/s
BM_Matmul_Default_512_256_1_false_false_bfloat16_cpu_2           73040       9226	 3589.1M items/s
BM_Matmul_Mkl_512_256_1_false_false_bfloat16_cpu_2               48297      14317	 5427.7M items/s
BM_Matmul_Default_512_256_1_false_false_bfloat16_cpu_4           72843       9299	 3598.7M items/s
BM_Matmul_Mkl_512_256_1_false_false_bfloat16_cpu_4               55421      10000	 4730.1M items/s
BM_Matmul_Default_512_256_1_false_false_bfloat16_cpu_8           73373       9201	 3572.8M items/s
BM_Matmul_Mkl_512_256_1_false_false_bfloat16_cpu_8               67676      10000	 3873.5M items/s
BM_Matmul_Default_512_256_1_false_false_bfloat16_cpu_16          73914       9307	 3546.6M items/s
BM_Matmul_Mkl_512_256_1_false_false_bfloat16_cpu_16              90057       7631	 2910.9M items/s
BM_Matmul_Default_512_2198_1024_false_false_float_cpu_1       13328830        100	 172916.2M items/s
BM_Matmul_Mkl_512_2198_1024_false_false_float_cpu_1           12397270        100	 185909.5M items/s
BM_Matmul_Default_512_2198_1024_false_false_float_cpu_2        7076790        100	 325680.2M items/s
BM_Matmul_Mkl_512_2198_1024_false_false_float_cpu_2            6299700        100	 365853.9M items/s
BM_Matmul_Default_512_2198_1024_false_false_float_cpu_4        4135562        169	 557305.1M items/s
BM_Matmul_Mkl_512_2198_1024_false_false_float_cpu_4            3203947        209	 719353.3M items/s
BM_Matmul_Default_512_2198_1024_false_false_float_cpu_8        2715724        261	 848676.1M items/s
BM_Matmul_Mkl_512_2198_1024_false_false_float_cpu_8            2395960        352	 961940.0M items/s
BM_Matmul_Default_512_2198_1024_false_false_float_cpu_16       1908158        360	 1207850.5M items/s
BM_Matmul_Mkl_512_2198_1024_false_false_float_cpu_16           1107155        536	 2081705.2M items/s
BM_Matmul_Default_512_2198_1024_false_false_bfloat16_cpu_1    15863370        100	 145288.8M items/s
BM_Matmul_Mkl_512_2198_1024_false_false_bfloat16_cpu_1         3283178        197	 701993.7M items/s
BM_Matmul_Default_512_2198_1024_false_false_bfloat16_cpu_2     9677020        100	 238169.4M items/s
BM_Matmul_Mkl_512_2198_1024_false_false_bfloat16_cpu_2         1715397        335	 1343578.2M items/s
BM_Matmul_Default_512_2198_1024_false_false_bfloat16_cpu_4     7011820        100	 328697.8M items/s
BM_Matmul_Mkl_512_2198_1024_false_false_bfloat16_cpu_4          905206        739	 2546128.6M items/s
BM_Matmul_Default_512_2198_1024_false_false_bfloat16_cpu_8     5088480        100	 452938.8M items/s
BM_Matmul_Mkl_512_2198_1024_false_false_bfloat16_cpu_8          514938       1263	 4475818.4M items/s
BM_Matmul_Default_512_2198_1024_false_false_bfloat16_cpu_16    4046624        173	 569553.8M items/s
BM_Matmul_Mkl_512_2198_1024_false_false_bfloat16_cpu_16         409271       1600	 5631408.4M items/s
BM_Matmul_Default_512_1024_512_false_false_float_cpu_1         3019698        232	 177789.6M items/s
BM_Matmul_Mkl_512_1024_512_false_false_float_cpu_1             2525978        277	 212539.8M items/s
BM_Matmul_Default_512_1024_512_false_false_float_cpu_2         1811409        384	 296383.1M items/s
BM_Matmul_Mkl_512_1024_512_false_false_float_cpu_2             1293859        532	 414937.7M items/s
BM_Matmul_Default_512_1024_512_false_false_float_cpu_4         1100189        597	 487980.5M items/s
BM_Matmul_Mkl_512_1024_512_false_false_float_cpu_4              700983        968	 765882.4M items/s
BM_Matmul_Default_512_1024_512_false_false_float_cpu_8          745291        898	 720351.1M items/s
BM_Matmul_Mkl_512_1024_512_false_false_float_cpu_8              396513       1725	 1353980.5M items/s
BM_Matmul_Default_512_1024_512_false_false_float_cpu_16         631719       1000	 849857.2M items/s
BM_Matmul_Mkl_512_1024_512_false_false_float_cpu_16             303777       2272	 1767320.0M items/s
BM_Matmul_Default_512_1024_512_false_false_bfloat16_cpu_1      3654751        181	 146896.7M items/s
BM_Matmul_Mkl_512_1024_512_false_false_bfloat16_cpu_1           416604       1606	 1288684.1M items/s
BM_Matmul_Default_512_1024_512_false_false_bfloat16_cpu_2      2706595        257	 198356.5M items/s
BM_Matmul_Mkl_512_1024_512_false_false_bfloat16_cpu_2           228520       2970	 2349340.2M items/s
BM_Matmul_Default_512_1024_512_false_false_bfloat16_cpu_4      1917364        354	 280004.6M items/s
BM_Matmul_Mkl_512_1024_512_false_false_bfloat16_cpu_4           151934       4085	 3533587.7M items/s
BM_Matmul_Default_512_1024_512_false_false_bfloat16_cpu_8      1488486        418	 360682.6M items/s
BM_Matmul_Mkl_512_1024_512_false_false_bfloat16_cpu_8           150456       4375	 3568302.6M items/s
BM_Matmul_Default_512_1024_512_false_false_bfloat16_cpu_16     1388498        474	 386655.9M items/s
BM_Matmul_Mkl_512_1024_512_false_false_bfloat16_cpu_16          150459       4377	 3568231.7M items/s
BM_Matmul_Default_512_429_1024_false_false_float_cpu_1         2627464        263	 171206.6M items/s
BM_Matmul_Mkl_512_429_1024_false_false_float_cpu_1             2142034        324	 210005.6M items/s
BM_Matmul_Default_512_429_1024_false_false_float_cpu_2         1475825        474	 304805.2M items/s
BM_Matmul_Mkl_512_429_1024_false_false_float_cpu_2             1105017        630	 407087.8M items/s
BM_Matmul_Default_512_429_1024_false_false_float_cpu_4          974670        690	 461529.9M items/s
BM_Matmul_Mkl_512_429_1024_false_false_float_cpu_4              598404       1000	 751731.4M items/s
BM_Matmul_Default_512_429_1024_false_false_float_cpu_8          637677       1000	 705434.1M items/s
BM_Matmul_Mkl_512_429_1024_false_false_float_cpu_8              349004       1981	 1288922.3M items/s
BM_Matmul_Default_512_429_1024_false_false_float_cpu_16         491580       1418	 915088.9M items/s
BM_Matmul_Mkl_512_429_1024_false_false_float_cpu_16             296075       2360	 1519341.7M items/s
BM_Matmul_Default_512_429_1024_false_false_bfloat16_cpu_1      3072657        216	 146400.7M items/s
BM_Matmul_Mkl_512_429_1024_false_false_bfloat16_cpu_1           677854        877	 663622.4M items/s
BM_Matmul_Default_512_429_1024_false_false_bfloat16_cpu_2      2140448        308	 210161.2M items/s
BM_Matmul_Mkl_512_429_1024_false_false_bfloat16_cpu_2           357495       1937	 1258308.5M items/s
BM_Matmul_Default_512_429_1024_false_false_bfloat16_cpu_4      1760628        382	 255499.2M items/s
BM_Matmul_Mkl_512_429_1024_false_false_bfloat16_cpu_4           251510       2930	 1788551.9M items/s
BM_Matmul_Default_512_429_1024_false_false_bfloat16_cpu_8      1508643        493	 298174.7M items/s
BM_Matmul_Mkl_512_429_1024_false_false_bfloat16_cpu_8           211179       3261	 2130127.8M items/s
BM_Matmul_Default_512_429_1024_false_false_bfloat16_cpu_16     1185550        555	 379435.1M items/s
BM_Matmul_Mkl_512_429_1024_false_false_bfloat16_cpu_16          215789       3080	 2084628.3M items/s
BM_Matmul_Default_512_1024_256_false_false_float_cpu_1         1503382        440	 178554.4M items/s
BM_Matmul_Mkl_512_1024_256_false_false_float_cpu_1             1295233        537	 207248.8M items/s
BM_Matmul_Default_512_1024_256_false_false_float_cpu_2          986387        670	 272140.2M items/s
BM_Matmul_Mkl_512_1024_256_false_false_float_cpu_2              684086       1000	 392400.2M items/s
BM_Matmul_Default_512_1024_256_false_false_float_cpu_4          606468       1000	 442621.0M items/s
BM_Matmul_Mkl_512_1024_256_false_false_float_cpu_4              405816       1718	 661470.7M items/s
BM_Matmul_Default_512_1024_256_false_false_float_cpu_8          431190       1654	 622545.9M items/s
BM_Matmul_Mkl_512_1024_256_false_false_float_cpu_8              250285       2802	 1072520.0M items/s
BM_Matmul_Default_512_1024_256_false_false_float_cpu_16         400300       1770	 670585.7M items/s
BM_Matmul_Mkl_512_1024_256_false_false_float_cpu_16             211549       3274	 1268901.5M items/s
BM_Matmul_Default_512_1024_256_false_false_bfloat16_cpu_1      1918599        344	 139912.2M items/s
BM_Matmul_Mkl_512_1024_256_false_false_bfloat16_cpu_1           224146       2975	 1197594.4M items/s
BM_Matmul_Default_512_1024_256_false_false_bfloat16_cpu_2      1595178        410	 168279.3M items/s
BM_Matmul_Mkl_512_1024_256_false_false_bfloat16_cpu_2           138541       4780	 1937582.6M items/s
BM_Matmul_Default_512_1024_256_false_false_bfloat16_cpu_4      1250982        514	 214579.7M items/s
BM_Matmul_Mkl_512_1024_256_false_false_bfloat16_cpu_4           105496       6147	 2544504.1M items/s
BM_Matmul_Default_512_1024_256_false_false_bfloat16_cpu_8      1106092        576	 242688.2M items/s
BM_Matmul_Mkl_512_1024_256_false_false_bfloat16_cpu_8           116982       5534	 2294667.4M items/s
BM_Matmul_Default_512_1024_256_false_false_bfloat16_cpu_16      996915        632	 269266.3M items/s
BM_Matmul_Mkl_512_1024_256_false_false_bfloat16_cpu_16          140433       4673	 1911485.4M items/s
BM_Matmul_Default_512_256_32_false_false_float_cpu_1             86298       8007	 97204.6M items/s
BM_Matmul_Mkl_512_256_32_false_false_float_cpu_1                 64423      10000	 130211.4M items/s
BM_Matmul_Default_512_256_32_false_false_float_cpu_2             76099       9058	 110232.8M items/s
BM_Matmul_Mkl_512_256_32_false_false_float_cpu_2                 63613      10000	 131869.4M items/s
BM_Matmul_Default_512_256_32_false_false_float_cpu_4             92682       7475	 90510.0M items/s
BM_Matmul_Mkl_512_256_32_false_false_float_cpu_4                 62253      10000	 134749.6M items/s
BM_Matmul_Default_512_256_32_false_false_float_cpu_8             76690       9164	 109382.7M items/s
BM_Matmul_Mkl_512_256_32_false_false_float_cpu_8                 65082      10000	 128892.5M items/s
BM_Matmul_Default_512_256_32_false_false_float_cpu_16            76769       9020	 109270.8M items/s
BM_Matmul_Mkl_512_256_32_false_false_float_cpu_16                81414       8446	 103036.5M items/s
BM_Matmul_Default_512_256_32_false_false_bfloat16_cpu_1         144989       4742	 57856.9M items/s
BM_Matmul_Mkl_512_256_32_false_false_bfloat16_cpu_1              32146      21667	 260956.2M items/s
BM_Matmul_Default_512_256_32_false_false_bfloat16_cpu_2         155478       4496	 53953.7M items/s
BM_Matmul_Mkl_512_256_32_false_false_bfloat16_cpu_2              50477      10000	 166188.1M items/s
BM_Matmul_Default_512_256_32_false_false_bfloat16_cpu_4         165706       4168	 50623.4M items/s
BM_Matmul_Mkl_512_256_32_false_false_bfloat16_cpu_4              57504      10000	 145879.2M items/s
BM_Matmul_Default_512_256_32_false_false_bfloat16_cpu_8         153755       4529	 54558.3M items/s
BM_Matmul_Mkl_512_256_32_false_false_bfloat16_cpu_8              69743       9798	 120279.0M items/s
BM_Matmul_Default_512_256_32_false_false_bfloat16_cpu_16        152780       4476	 54906.4M items/s
BM_Matmul_Mkl_512_256_32_false_false_bfloat16_cpu_16             93723       7547	 89504.6M items/s
BM_Matmul_Default_512_49_128_false_false_float_cpu_1             73787       9216	 87041.6M items/s
BM_Matmul_Mkl_512_49_128_false_false_float_cpu_1                 54766      10000	 117271.7M items/s
BM_Matmul_Default_512_49_128_false_false_float_cpu_2             73630       9465	 87227.4M items/s
BM_Matmul_Mkl_512_49_128_false_false_float_cpu_2                 60134      10000	 106803.4M items/s
BM_Matmul_Default_512_49_128_false_false_float_cpu_4             73698       9374	 87146.6M items/s
BM_Matmul_Mkl_512_49_128_false_false_float_cpu_4                 63512      10000	 101122.4M items/s
BM_Matmul_Default_512_49_128_false_false_float_cpu_8             74314       9422	 86424.5M items/s
BM_Matmul_Mkl_512_49_128_false_false_float_cpu_8                 71260       9764	 90128.4M items/s
BM_Matmul_Default_512_49_128_false_false_float_cpu_16            73770       9469	 87061.9M items/s
BM_Matmul_Mkl_512_49_128_false_false_float_cpu_16                90760       7731	 70763.5M items/s
BM_Matmul_Default_512_49_128_false_false_bfloat16_cpu_1         104745       6582	 61315.7M items/s
BM_Matmul_Mkl_512_49_128_false_false_bfloat16_cpu_1              61094      10000	 105126.0M items/s
BM_Matmul_Default_512_49_128_false_false_bfloat16_cpu_2         103935       6685	 61793.5M items/s
BM_Matmul_Mkl_512_49_128_false_false_bfloat16_cpu_2              64864      10000	 99015.4M items/s
BM_Matmul_Default_512_49_128_false_false_bfloat16_cpu_4         105068       6557	 61127.3M items/s
BM_Matmul_Mkl_512_49_128_false_false_bfloat16_cpu_4              71743       9764	 89521.8M items/s
BM_Matmul_Default_512_49_128_false_false_bfloat16_cpu_8         104970       6629	 61184.3M items/s
BM_Matmul_Mkl_512_49_128_false_false_bfloat16_cpu_8              83098       8340	 77288.9M items/s
BM_Matmul_Default_512_49_128_false_false_bfloat16_cpu_16        104591       6575	 61406.0M items/s
BM_Matmul_Mkl_512_49_128_false_false_bfloat16_cpu_16            107849       6443	 59551.1M items/s
BM_Matmul_Default_512_128_64_false_false_float_cpu_1             77726       8858	 107925.4M items/s
BM_Matmul_Mkl_512_128_64_false_false_float_cpu_1                 65157      10000	 128744.9M items/s
BM_Matmul_Default_512_128_64_false_false_float_cpu_2             77604       8912	 108095.6M items/s
BM_Matmul_Mkl_512_128_64_false_false_float_cpu_2                 64199      10000	 130666.5M items/s
BM_Matmul_Default_512_128_64_false_false_float_cpu_4             78784       9030	 106475.8M items/s
BM_Matmul_Mkl_512_128_64_false_false_float_cpu_4                 64085      10000	 130898.8M items/s
BM_Matmul_Default_512_128_64_false_false_float_cpu_8             78656       8960	 106649.1M items/s
BM_Matmul_Mkl_512_128_64_false_false_float_cpu_8                 68071      10000	 123233.2M items/s
BM_Matmul_Default_512_128_64_false_false_float_cpu_16            78459       8792	 106917.6M items/s
BM_Matmul_Mkl_512_128_64_false_false_float_cpu_16                86416       8210	 97072.9M items/s
BM_Matmul_Default_512_128_64_false_false_bfloat16_cpu_1         114760       6039	 73097.0M items/s
BM_Matmul_Mkl_512_128_64_false_false_bfloat16_cpu_1              34657      22698	 242049.2M items/s
BM_Matmul_Default_512_128_64_false_false_bfloat16_cpu_2         115103       6044	 72879.4M items/s
BM_Matmul_Mkl_512_128_64_false_false_bfloat16_cpu_2              48878      14001	 171622.9M items/s
BM_Matmul_Default_512_128_64_false_false_bfloat16_cpu_4         115129       5919	 72862.6M items/s
BM_Matmul_Mkl_512_128_64_false_false_bfloat16_cpu_4              58731      10000	 142830.3M items/s
BM_Matmul_Default_512_128_64_false_false_bfloat16_cpu_8         115066       5736	 72902.4M items/s
BM_Matmul_Mkl_512_128_64_false_false_bfloat16_cpu_8              68241      10000	 122926.6M items/s
BM_Matmul_Default_512_128_64_false_false_bfloat16_cpu_16        119251       5846	 70344.1M items/s
BM_Matmul_Mkl_512_128_64_false_false_bfloat16_cpu_16             88394       7818	 94900.4M items/s
BM_Matmul_Default_512_64_1_false_false_float_cpu_1               20169      34778	 3249.3M items/s
BM_Matmul_Mkl_512_64_1_false_false_float_cpu_1                   20087      34829	 3262.6M items/s
BM_Matmul_Default_512_64_1_false_false_float_cpu_2               20363      34464	 3218.4M items/s
BM_Matmul_Mkl_512_64_1_false_false_float_cpu_2                   44554      16039	 1470.9M items/s
BM_Matmul_Default_512_64_1_false_false_float_cpu_4               20485      34121	 3199.2M items/s
BM_Matmul_Mkl_512_64_1_false_false_float_cpu_4                   38513      18155	 1701.6M items/s
BM_Matmul_Default_512_64_1_false_false_float_cpu_8               20645      35390	 3174.5M items/s
BM_Matmul_Mkl_512_64_1_false_false_float_cpu_8                   50695      14203	 1292.8M items/s
BM_Matmul_Default_512_64_1_false_false_float_cpu_16              20526      34737	 3192.9M items/s
BM_Matmul_Mkl_512_64_1_false_false_float_cpu_16                  54863      10000	 1194.5M items/s
BM_Matmul_Default_512_64_1_false_false_bfloat16_cpu_1            36832      19184	 1779.3M items/s
BM_Matmul_Mkl_512_64_1_false_false_bfloat16_cpu_1                24823      29133	 2640.1M items/s
BM_Matmul_Default_512_64_1_false_false_bfloat16_cpu_2            36876      18983	 1777.2M items/s
BM_Matmul_Mkl_512_64_1_false_false_bfloat16_cpu_2                46704      15108	 1403.2M items/s
BM_Matmul_Default_512_64_1_false_false_bfloat16_cpu_4            36430      19393	 1798.9M items/s
BM_Matmul_Mkl_512_64_1_false_false_bfloat16_cpu_4                50404      14135	 1300.2M items/s
BM_Matmul_Default_512_64_1_false_false_bfloat16_cpu_8            36716      19190	 1784.9M items/s
BM_Matmul_Mkl_512_64_1_false_false_bfloat16_cpu_8                58392      10000	 1122.3M items/s
BM_Matmul_Default_512_64_1_false_false_bfloat16_cpu_16           36125      19120	 1814.1M items/s
BM_Matmul_Mkl_512_64_1_false_false_bfloat16_cpu_16               79014       8818	 829.4M items/s
================================================================================
//tensorflow/core/kernels:mkl_matmul_op_test                             [0m[32mPASSED[0m in 408.1s

Executed 1 out of 1 test: 1 test passes.
