==================== Test output for //tensorflow/core/kernels:mkl_matmul_op_test:
Running main() from test_main.cc
Benchmark                                                     Time(ns) Iterations
---------------------------------------------------------------------------------
BM_Matmul_Default_128_36_36_false_false_float_cpu_1              24677      28445	 13444.6M items/s
BM_Matmul_Mkl_128_36_36_false_false_float_cpu_1                  22571      29877	 14699.5M items/s
BM_Matmul_Default_128_36_36_false_false_float_cpu_2              23848      29280	 13911.8M items/s
BM_Matmul_Mkl_128_36_36_false_false_float_cpu_2                  22771      30305	 14570.3M items/s
BM_Matmul_Default_128_36_36_false_false_float_cpu_4              24945      28349	 13300.3M items/s
BM_Matmul_Mkl_128_36_36_false_false_float_cpu_4                  48248      14392	 6876.4M items/s
BM_Matmul_Default_128_36_36_false_false_float_cpu_8              24328      28288	 13637.6M items/s
BM_Matmul_Mkl_128_36_36_false_false_float_cpu_8                  22937      31357	 14464.8M items/s
BM_Matmul_Default_128_36_36_false_false_float_cpu_16             24792      28358	 13382.6M items/s
BM_Matmul_Mkl_128_36_36_false_false_float_cpu_16                 22911      30464	 14481.3M items/s
BM_Matmul_Default_128_36_36_false_false_bfloat16_cpu_1           30369      22839	 10924.7M items/s
BM_Matmul_Mkl_128_36_36_false_false_bfloat16_cpu_1               29256      23696	 11340.6M items/s
BM_Matmul_Default_128_36_36_false_false_bfloat16_cpu_2           30108      22504	 11019.4M items/s
BM_Matmul_Mkl_128_36_36_false_false_bfloat16_cpu_2               55244      10000	 6005.6M items/s
BM_Matmul_Default_128_36_36_false_false_bfloat16_cpu_4           29957      23431	 11075.0M items/s
BM_Matmul_Mkl_128_36_36_false_false_bfloat16_cpu_4               68523      10000	 4841.8M items/s
BM_Matmul_Default_128_36_36_false_false_bfloat16_cpu_8           30085      22955	 11028.1M items/s
BM_Matmul_Mkl_128_36_36_false_false_bfloat16_cpu_8               60398      10000	 5493.1M items/s
BM_Matmul_Default_128_36_36_false_false_bfloat16_cpu_16          31011      22812	 10698.8M items/s
BM_Matmul_Mkl_128_36_36_false_false_bfloat16_cpu_16              82659       8569	 4013.8M items/s
BM_Matmul_Default_128_144_80_false_false_float_cpu_1             45336      15159	 65050.7M items/s
BM_Matmul_Mkl_128_144_80_false_false_float_cpu_1                 38517      18103	 76567.2M items/s
BM_Matmul_Default_128_144_80_false_false_float_cpu_2             45237      15436	 65192.7M items/s
BM_Matmul_Mkl_128_144_80_false_false_float_cpu_2                 52656      10000	 56007.0M items/s
BM_Matmul_Default_128_144_80_false_false_float_cpu_4             45733      15397	 64486.0M items/s
BM_Matmul_Mkl_128_144_80_false_false_float_cpu_4                 52398      10000	 56283.2M items/s
BM_Matmul_Default_128_144_80_false_false_float_cpu_8             44863      15339	 65736.1M items/s
BM_Matmul_Mkl_128_144_80_false_false_float_cpu_8                 55010      10000	 53610.1M items/s
BM_Matmul_Default_128_144_80_false_false_float_cpu_16            46495      15435	 63429.2M items/s
BM_Matmul_Mkl_128_144_80_false_false_float_cpu_16                67967      10000	 43390.1M items/s
BM_Matmul_Default_128_144_80_false_false_bfloat16_cpu_1          60900      10000	 48425.5M items/s
BM_Matmul_Mkl_128_144_80_false_false_bfloat16_cpu_1              55473      10000	 53163.0M items/s
BM_Matmul_Default_128_144_80_false_false_bfloat16_cpu_2          60174      10000	 49009.8M items/s
BM_Matmul_Mkl_128_144_80_false_false_bfloat16_cpu_2              80401       8709	 36680.3M items/s
BM_Matmul_Default_128_144_80_false_false_bfloat16_cpu_4          60219      10000	 48973.0M items/s
BM_Matmul_Mkl_128_144_80_false_false_bfloat16_cpu_4              84079       8314	 35075.5M items/s
BM_Matmul_Default_128_144_80_false_false_bfloat16_cpu_8          62250      10000	 47375.2M items/s
BM_Matmul_Mkl_128_144_80_false_false_bfloat16_cpu_8              96676       7193	 30505.3M items/s
BM_Matmul_Default_128_144_80_false_false_bfloat16_cpu_16         61096      10000	 48269.9M items/s
BM_Matmul_Mkl_128_144_80_false_false_bfloat16_cpu_16            124806       5641	 23629.7M items/s
BM_Matmul_Default_128_80_40_false_false_float_cpu_1              28615      23862	 28628.2M items/s
BM_Matmul_Mkl_128_80_40_false_false_float_cpu_1                  25009      26638	 32755.8M items/s
BM_Matmul_Default_128_80_40_false_false_float_cpu_2              28445      24607	 28799.4M items/s
BM_Matmul_Mkl_128_80_40_false_false_float_cpu_2                  51826      10000	 15806.6M items/s
BM_Matmul_Default_128_80_40_false_false_float_cpu_4              28955      24190	 28292.4M items/s
BM_Matmul_Mkl_128_80_40_false_false_float_cpu_4                  50704      10000	 16156.4M items/s
BM_Matmul_Default_128_80_40_false_false_float_cpu_8              27756      25165	 29514.6M items/s
BM_Matmul_Mkl_128_80_40_false_false_float_cpu_8                  58345      10000	 14040.7M items/s
BM_Matmul_Default_128_80_40_false_false_float_cpu_16             28143      24133	 29108.1M items/s
BM_Matmul_Mkl_128_80_40_false_false_float_cpu_16                 68293      10000	 11995.4M items/s
BM_Matmul_Default_128_80_40_false_false_bfloat16_cpu_1           39133      17766	 20933.8M items/s
BM_Matmul_Mkl_128_80_40_false_false_bfloat16_cpu_1               36036      19033	 22732.8M items/s
BM_Matmul_Default_128_80_40_false_false_bfloat16_cpu_2           38856      17975	 21083.2M items/s
BM_Matmul_Mkl_128_80_40_false_false_bfloat16_cpu_2               68709      10000	 11922.7M items/s
BM_Matmul_Default_128_80_40_false_false_bfloat16_cpu_4           39342      18075	 20822.7M items/s
BM_Matmul_Mkl_128_80_40_false_false_bfloat16_cpu_4               71849       9464	 11401.6M items/s
BM_Matmul_Default_128_80_40_false_false_bfloat16_cpu_8           38187      18416	 21452.3M items/s
BM_Matmul_Mkl_128_80_40_false_false_bfloat16_cpu_8               79282       8807	 10332.7M items/s
BM_Matmul_Default_128_80_40_false_false_bfloat16_cpu_16          38834      18033	 21094.9M items/s
BM_Matmul_Mkl_128_80_40_false_false_bfloat16_cpu_16             113125       6224	 7241.5M items/s
BM_Matmul_Default_128_40_1_false_false_float_cpu_1               18078      35867	 566.4M items/s
BM_Matmul_Mkl_128_40_1_false_false_float_cpu_1                   18235      37972	 561.6M items/s
BM_Matmul_Default_128_40_1_false_false_float_cpu_2               18113      39067	 565.3M items/s
BM_Matmul_Mkl_128_40_1_false_false_float_cpu_2                   19524      36659	 524.5M items/s
BM_Matmul_Default_128_40_1_false_false_float_cpu_4               18951      37559	 540.3M items/s
BM_Matmul_Mkl_128_40_1_false_false_float_cpu_4                   18947      37495	 540.4M items/s
BM_Matmul_Default_128_40_1_false_false_float_cpu_8               18944      36822	 540.5M items/s
BM_Matmul_Mkl_128_40_1_false_false_float_cpu_8                   19235      37142	 532.4M items/s
BM_Matmul_Default_128_40_1_false_false_float_cpu_16              18898      38581	 541.9M items/s
BM_Matmul_Mkl_128_40_1_false_false_float_cpu_16                  19204      37286	 533.2M items/s
BM_Matmul_Default_128_40_1_false_false_bfloat16_cpu_1            22945      31176	 446.3M items/s
BM_Matmul_Mkl_128_40_1_false_false_bfloat16_cpu_1                22822      30615	 448.7M items/s
BM_Matmul_Default_128_40_1_false_false_bfloat16_cpu_2            23001      30816	 445.2M items/s
BM_Matmul_Mkl_128_40_1_false_false_bfloat16_cpu_2                55574      10000	 184.3M items/s
BM_Matmul_Default_128_40_1_false_false_bfloat16_cpu_4            20766      32028	 493.1M items/s
BM_Matmul_Mkl_128_40_1_false_false_bfloat16_cpu_4                58109      10000	 176.2M items/s
BM_Matmul_Default_128_40_1_false_false_bfloat16_cpu_8            22887      29850	 447.4M items/s
BM_Matmul_Mkl_128_40_1_false_false_bfloat16_cpu_8                69837      10000	 146.6M items/s
BM_Matmul_Default_128_40_1_false_false_bfloat16_cpu_16           22798      29992	 449.2M items/s
BM_Matmul_Mkl_128_40_1_false_false_bfloat16_cpu_16               92123       7655	 111.2M items/s
BM_Matmul_Default_1_128_36_false_false_float_cpu_1               17070      41259	 539.9M items/s
BM_Matmul_Mkl_1_128_36_false_false_float_cpu_1                   16412      41777	 561.6M items/s
BM_Matmul_Default_1_128_36_false_false_float_cpu_2               16460      39876	 559.9M items/s
BM_Matmul_Mkl_1_128_36_false_false_float_cpu_2                   17387      40038	 530.1M items/s
BM_Matmul_Default_1_128_36_false_false_float_cpu_4               16369      41480	 563.0M items/s
BM_Matmul_Mkl_1_128_36_false_false_float_cpu_4                   15540      42553	 593.0M items/s
BM_Matmul_Default_1_128_36_false_false_float_cpu_8               16654      43351	 553.4M items/s
BM_Matmul_Mkl_1_128_36_false_false_float_cpu_8                   16531      42405	 557.5M items/s
BM_Matmul_Default_1_128_36_false_false_float_cpu_16              16518      41652	 557.9M items/s
BM_Matmul_Mkl_1_128_36_false_false_float_cpu_16                  16216      41793	 568.3M items/s
BM_Matmul_Default_1_128_36_false_false_bfloat16_cpu_1            20683      33914	 445.6M items/s
BM_Matmul_Mkl_1_128_36_false_false_bfloat16_cpu_1                21566      33036	 427.3M items/s
BM_Matmul_Default_1_128_36_false_false_bfloat16_cpu_2            21338      32732	 431.9M items/s
BM_Matmul_Mkl_1_128_36_false_false_bfloat16_cpu_2                60826      10000	 151.5M items/s
BM_Matmul_Default_1_128_36_false_false_bfloat16_cpu_4            21111      32300	 436.6M items/s
BM_Matmul_Mkl_1_128_36_false_false_bfloat16_cpu_4                65878      10000	 139.9M items/s
BM_Matmul_Default_1_128_36_false_false_bfloat16_cpu_8            21054      33379	 437.7M items/s
BM_Matmul_Mkl_1_128_36_false_false_bfloat16_cpu_8                76829       8980	 120.0M items/s
BM_Matmul_Default_1_128_36_false_false_bfloat16_cpu_16           20007      33483	 460.6M items/s
BM_Matmul_Mkl_1_128_36_false_false_bfloat16_cpu_16               99506       7289	 92.6M items/s
BM_Matmul_Default_128_162_200_false_false_float_cpu_1            79269       8284	 104635.5M items/s
BM_Matmul_Mkl_128_162_200_false_false_float_cpu_1                66253      10000	 125192.3M items/s
BM_Matmul_Default_128_162_200_false_false_float_cpu_2            79485       8806	 104351.3M items/s
BM_Matmul_Mkl_128_162_200_false_false_float_cpu_2                70621       9642	 117450.3M items/s
BM_Matmul_Default_128_162_200_false_false_float_cpu_4            79659       8802	 104124.1M items/s
BM_Matmul_Mkl_128_162_200_false_false_float_cpu_4                70720       9808	 117285.0M items/s
BM_Matmul_Default_128_162_200_false_false_float_cpu_8            86772       8779	 95588.5M items/s
BM_Matmul_Mkl_128_162_200_false_false_float_cpu_8                68314      10000	 121416.3M items/s
BM_Matmul_Default_128_162_200_false_false_float_cpu_16           78604       8893	 105521.7M items/s
BM_Matmul_Mkl_128_162_200_false_false_float_cpu_16               82511       8443	 100524.4M items/s
BM_Matmul_Default_128_162_200_false_false_bfloat16_cpu_1        104989       6602	 79002.3M items/s
BM_Matmul_Mkl_128_162_200_false_false_bfloat16_cpu_1            109835       6254	 75516.9M items/s
BM_Matmul_Default_128_162_200_false_false_bfloat16_cpu_2        106697       6538	 77737.8M items/s
BM_Matmul_Mkl_128_162_200_false_false_bfloat16_cpu_2            114599       6109	 72377.8M items/s
BM_Matmul_Default_128_162_200_false_false_bfloat16_cpu_4        105687       6632	 78480.6M items/s
BM_Matmul_Mkl_128_162_200_false_false_bfloat16_cpu_4            107061       6572	 77473.6M items/s
BM_Matmul_Default_128_162_200_false_false_bfloat16_cpu_8        105080       6627	 78933.9M items/s
BM_Matmul_Mkl_128_162_200_false_false_bfloat16_cpu_8            110748       6373	 74894.6M items/s
BM_Matmul_Default_128_162_200_false_false_bfloat16_cpu_16       105846       6531	 78363.0M items/s
BM_Matmul_Mkl_128_162_200_false_false_bfloat16_cpu_16           145729       4784	 56916.5M items/s
BM_Matmul_Default_128_200_80_false_false_float_cpu_1             53334      10000	 76798.6M items/s
BM_Matmul_Mkl_128_200_80_false_false_float_cpu_1                 43678      16179	 93776.8M items/s
BM_Matmul_Default_128_200_80_false_false_float_cpu_2             53399      10000	 76706.0M items/s
BM_Matmul_Mkl_128_200_80_false_false_float_cpu_2                 55376      10000	 73967.5M items/s
BM_Matmul_Default_128_200_80_false_false_float_cpu_4             53444      10000	 76641.1M items/s
BM_Matmul_Mkl_128_200_80_false_false_float_cpu_4                 54826      10000	 74708.4M items/s
BM_Matmul_Default_128_200_80_false_false_float_cpu_8             52752      10000	 77645.9M items/s
BM_Matmul_Mkl_128_200_80_false_false_float_cpu_8                 56648      10000	 72305.9M items/s
BM_Matmul_Default_128_200_80_false_false_float_cpu_16            53255      10000	 76912.4M items/s
BM_Matmul_Mkl_128_200_80_false_false_float_cpu_16                69086       9892	 59288.3M items/s
BM_Matmul_Default_128_200_80_false_false_bfloat16_cpu_1          71400       9628	 57367.3M items/s
BM_Matmul_Mkl_128_200_80_false_false_bfloat16_cpu_1              66534      10000	 61562.5M items/s
BM_Matmul_Default_128_200_80_false_false_bfloat16_cpu_2          71215       9714	 57515.6M items/s
BM_Matmul_Mkl_128_200_80_false_false_bfloat16_cpu_2              85367       8050	 47981.0M items/s
BM_Matmul_Default_128_200_80_false_false_bfloat16_cpu_4          74284       9600	 55140.1M items/s
BM_Matmul_Mkl_128_200_80_false_false_bfloat16_cpu_4              86456       7971	 47376.7M items/s
BM_Matmul_Default_128_200_80_false_false_bfloat16_cpu_8          71103       9531	 57606.9M items/s
BM_Matmul_Mkl_128_200_80_false_false_bfloat16_cpu_8              97201       7069	 42139.5M items/s
BM_Matmul_Default_128_200_80_false_false_bfloat16_cpu_16         71584       9660	 57219.6M items/s
BM_Matmul_Mkl_128_200_80_false_false_bfloat16_cpu_16            126002       5487	 32507.5M items/s
BM_Matmul_Default_128_80_2_false_false_float_cpu_1               21253      32998	 1927.3M items/s
BM_Matmul_Mkl_128_80_2_false_false_float_cpu_1                   22207      30526	 1844.4M items/s
BM_Matmul_Default_128_80_2_false_false_float_cpu_2               21731      32859	 1884.9M items/s
BM_Matmul_Mkl_128_80_2_false_false_float_cpu_2                   45519      15282	 899.8M items/s
BM_Matmul_Default_128_80_2_false_false_float_cpu_4               21104      32204	 1940.9M items/s
BM_Matmul_Mkl_128_80_2_false_false_float_cpu_4                   38410      17915	 1066.4M items/s
BM_Matmul_Default_128_80_2_false_false_float_cpu_8               22198      32905	 1845.2M items/s
BM_Matmul_Mkl_128_80_2_false_false_float_cpu_8                   39103      17717	 1047.5M items/s
BM_Matmul_Default_128_80_2_false_false_float_cpu_16              20640      32407	 1984.5M items/s
BM_Matmul_Mkl_128_80_2_false_false_float_cpu_16                  71065       9951	 576.4M items/s
BM_Matmul_Default_128_80_2_false_false_bfloat16_cpu_1            27915      24608	 1467.3M items/s
BM_Matmul_Mkl_128_80_2_false_false_bfloat16_cpu_1                26026      26712	 1573.8M items/s
BM_Matmul_Default_128_80_2_false_false_bfloat16_cpu_2            27397      25315	 1495.0M items/s
BM_Matmul_Mkl_128_80_2_false_false_bfloat16_cpu_2                62902      10000	 651.2M items/s
BM_Matmul_Default_128_80_2_false_false_bfloat16_cpu_4            28007      25977	 1462.5M items/s
BM_Matmul_Mkl_128_80_2_false_false_bfloat16_cpu_4                59750      10000	 685.5M items/s
BM_Matmul_Default_128_80_2_false_false_bfloat16_cpu_8            27655      24736	 1481.1M items/s
BM_Matmul_Mkl_128_80_2_false_false_bfloat16_cpu_8                78615       8775	 521.0M items/s
BM_Matmul_Default_128_80_2_false_false_bfloat16_cpu_16           26402      25831	 1551.4M items/s
BM_Matmul_Mkl_128_80_2_false_false_bfloat16_cpu_16              121366       5822	 337.5M items/s
BM_Matmul_Default_128_2_1_false_false_float_cpu_1                17185      40462	 29.8M items/s
BM_Matmul_Mkl_128_2_1_false_false_float_cpu_1                    17618      38140	 29.1M items/s
BM_Matmul_Default_128_2_1_false_false_float_cpu_2                16394      41984	 31.2M items/s
BM_Matmul_Mkl_128_2_1_false_false_float_cpu_2                    18050      37714	 28.4M items/s
BM_Matmul_Default_128_2_1_false_false_float_cpu_4                16993      41260	 30.1M items/s
BM_Matmul_Mkl_128_2_1_false_false_float_cpu_4                    18702      37154	 27.4M items/s
BM_Matmul_Default_128_2_1_false_false_float_cpu_8                16273      41167	 31.5M items/s
BM_Matmul_Mkl_128_2_1_false_false_float_cpu_8                    18313      37861	 28.0M items/s
BM_Matmul_Default_128_2_1_false_false_float_cpu_16               16952      40947	 30.2M items/s
BM_Matmul_Mkl_128_2_1_false_false_float_cpu_16                   17859      38520	 28.7M items/s
BM_Matmul_Default_128_2_1_false_false_bfloat16_cpu_1             20161      35389	 25.4M items/s
BM_Matmul_Mkl_128_2_1_false_false_bfloat16_cpu_1                 21095      32300	 24.3M items/s
BM_Matmul_Default_128_2_1_false_false_bfloat16_cpu_2             19361      36184	 26.4M items/s
BM_Matmul_Mkl_128_2_1_false_false_bfloat16_cpu_2                 42309      17226	 12.1M items/s
BM_Matmul_Default_128_2_1_false_false_bfloat16_cpu_4             19797      34322	 25.9M items/s
BM_Matmul_Mkl_128_2_1_false_false_bfloat16_cpu_4                 40183      17466	 12.7M items/s
BM_Matmul_Default_128_2_1_false_false_bfloat16_cpu_8             20027      34956	 25.6M items/s
BM_Matmul_Mkl_128_2_1_false_false_bfloat16_cpu_8                 52727      10000	 9.7M items/s
BM_Matmul_Default_128_2_1_false_false_bfloat16_cpu_16            19381      34895	 26.4M items/s
BM_Matmul_Mkl_128_2_1_false_false_bfloat16_cpu_16                74180       9467	 6.9M items/s
BM_Matmul_Default_512_13_512_false_false_float_cpu_1             86458       7264	 78832.9M items/s
BM_Matmul_Mkl_512_13_512_false_false_float_cpu_1                 60555      10000	 112554.4M items/s
BM_Matmul_Default_512_13_512_false_false_float_cpu_2            161510       4269	 42200.1M items/s
BM_Matmul_Mkl_512_13_512_false_false_float_cpu_2                 62206      10000	 109566.8M items/s
BM_Matmul_Default_512_13_512_false_false_float_cpu_4            168557       4130	 40435.9M items/s
BM_Matmul_Mkl_512_13_512_false_false_float_cpu_4                 89726       7763	 75962.0M items/s
BM_Matmul_Default_512_13_512_false_false_float_cpu_8            165721       4210	 41127.7M items/s
BM_Matmul_Mkl_512_13_512_false_false_float_cpu_8                 99959       6626	 68185.1M items/s
BM_Matmul_Default_512_13_512_false_false_float_cpu_16           164353       4045	 41470.2M items/s
BM_Matmul_Mkl_512_13_512_false_false_float_cpu_16               115601       5766	 58959.4M items/s
BM_Matmul_Default_512_13_512_false_false_bfloat16_cpu_1         168488       4017	 40452.5M items/s
BM_Matmul_Mkl_512_13_512_false_false_bfloat16_cpu_1             118812       5688	 57365.6M items/s
BM_Matmul_Default_512_13_512_false_false_bfloat16_cpu_2         373867       1908	 18230.4M items/s
BM_Matmul_Mkl_512_13_512_false_false_bfloat16_cpu_2             131182       5323	 51956.3M items/s
BM_Matmul_Default_512_13_512_false_false_bfloat16_cpu_4         337481       2044	 20195.9M items/s
BM_Matmul_Mkl_512_13_512_false_false_bfloat16_cpu_4             140246       4975	 48598.5M items/s
BM_Matmul_Default_512_13_512_false_false_bfloat16_cpu_8         327677       2150	 20800.2M items/s
BM_Matmul_Mkl_512_13_512_false_false_bfloat16_cpu_8             161063       4350	 42317.4M items/s
BM_Matmul_Default_512_13_512_false_false_bfloat16_cpu_16        318836       2217	 21376.9M items/s
BM_Matmul_Mkl_512_13_512_false_false_bfloat16_cpu_16            205106       3421	 33230.3M items/s
BM_Matmul_Default_512_512_256_false_false_float_cpu_1           767418        880	 174895.2M items/s
BM_Matmul_Mkl_512_512_256_false_false_float_cpu_1               657970       1000	 203987.6M items/s
BM_Matmul_Default_512_512_256_false_false_float_cpu_2           503662       1000	 266483.7M items/s
BM_Matmul_Mkl_512_512_256_false_false_float_cpu_2               358355       1933	 374538.0M items/s
BM_Matmul_Default_512_512_256_false_false_float_cpu_4           337015       2130	 398253.9M items/s
BM_Matmul_Mkl_512_512_256_false_false_float_cpu_4               296672       2369	 452411.8M items/s
BM_Matmul_Default_512_512_256_false_false_float_cpu_8           239297       2849	 560883.6M items/s
BM_Matmul_Mkl_512_512_256_false_false_float_cpu_8               157806       4099	 850523.3M items/s
BM_Matmul_Default_512_512_256_false_false_float_cpu_16          225267       3123	 595815.2M items/s
BM_Matmul_Mkl_512_512_256_false_false_float_cpu_16              143261       4850	 936878.0M items/s
BM_Matmul_Default_512_512_256_false_false_bfloat16_cpu_1        985156        558	 136240.1M items/s
BM_Matmul_Mkl_512_512_256_false_false_bfloat16_cpu_1           1305547        517	 102805.7M items/s
BM_Matmul_Default_512_512_256_false_false_bfloat16_cpu_2        852981        777	 157351.4M items/s
BM_Matmul_Mkl_512_512_256_false_false_bfloat16_cpu_2            804727        911	 166786.7M items/s
BM_Matmul_Default_512_512_256_false_false_bfloat16_cpu_4        697335        927	 192472.2M items/s
BM_Matmul_Mkl_512_512_256_false_false_bfloat16_cpu_4            420366       1658	 319288.2M items/s
BM_Matmul_Default_512_512_256_false_false_bfloat16_cpu_8        582690       1000	 230341.6M items/s
BM_Matmul_Mkl_512_512_256_false_false_bfloat16_cpu_8            291717       2358	 460096.1M items/s
BM_Matmul_Default_512_512_256_false_false_bfloat16_cpu_16       554007       1000	 242267.2M items/s
BM_Matmul_Mkl_512_512_256_false_false_bfloat16_cpu_16           283701       2469	 473096.2M items/s
BM_Matmul_Default_512_256_64_false_false_float_cpu_1            131047       5337	 128024.6M items/s
BM_Matmul_Mkl_512_256_64_false_false_float_cpu_1                106936       6470	 156890.2M items/s
BM_Matmul_Default_512_256_64_false_false_float_cpu_2            128745       5473	 130313.8M items/s
BM_Matmul_Mkl_512_256_64_false_false_float_cpu_2                 85628       8152	 195931.8M items/s
BM_Matmul_Default_512_256_64_false_false_float_cpu_4            149346       4701	 112338.0M items/s
BM_Matmul_Mkl_512_256_64_false_false_float_cpu_4                 73286       9436	 228927.5M items/s
BM_Matmul_Default_512_256_64_false_false_float_cpu_8            149469       4697	 112245.4M items/s
BM_Matmul_Mkl_512_256_64_false_false_float_cpu_8                 73475       9506	 228340.5M items/s
BM_Matmul_Default_512_256_64_false_false_float_cpu_16           150334       4709	 111599.3M items/s
BM_Matmul_Mkl_512_256_64_false_false_float_cpu_16                91690       7721	 182977.2M items/s
BM_Matmul_Default_512_256_64_false_false_bfloat16_cpu_1         196095       3578	 85556.7M items/s
BM_Matmul_Mkl_512_256_64_false_false_bfloat16_cpu_1             193015       3589	 86921.7M items/s
BM_Matmul_Default_512_256_64_false_false_bfloat16_cpu_2         207453       3403	 80872.2M items/s
BM_Matmul_Mkl_512_256_64_false_false_bfloat16_cpu_2             154623       4464	 108504.0M items/s
BM_Matmul_Default_512_256_64_false_false_bfloat16_cpu_4         239358       2901	 70092.6M items/s
BM_Matmul_Mkl_512_256_64_false_false_bfloat16_cpu_4             130007       5367	 129048.8M items/s
BM_Matmul_Default_512_256_64_false_false_bfloat16_cpu_8         243150       2959	 68999.5M items/s
BM_Matmul_Mkl_512_256_64_false_false_bfloat16_cpu_8             127316       5373	 131776.2M items/s
BM_Matmul_Default_512_256_64_false_false_bfloat16_cpu_16        239889       2891	 69937.3M items/s
BM_Matmul_Mkl_512_256_64_false_false_bfloat16_cpu_16            154554       4592	 108552.3M items/s
BM_Matmul_Default_512_64_16_false_false_float_cpu_1              33553      21010	 31251.3M items/s
BM_Matmul_Mkl_512_64_16_false_false_float_cpu_1                  25861      26712	 40547.0M items/s
BM_Matmul_Default_512_64_16_false_false_float_cpu_2              32936      21025	 31836.4M items/s
BM_Matmul_Mkl_512_64_16_false_false_float_cpu_2                  48083      14765	 21807.7M items/s
BM_Matmul_Default_512_64_16_false_false_float_cpu_4              32731      21432	 32036.2M items/s
BM_Matmul_Mkl_512_64_16_false_false_float_cpu_4                  50618      10000	 20715.3M items/s
BM_Matmul_Default_512_64_16_false_false_float_cpu_8              34547      20494	 30352.1M items/s
BM_Matmul_Mkl_512_64_16_false_false_float_cpu_8                  57660      10000	 18185.5M items/s
BM_Matmul_Default_512_64_16_false_false_float_cpu_16             33423      20326	 31372.7M items/s
BM_Matmul_Mkl_512_64_16_false_false_float_cpu_16                 75698       9380	 13852.1M items/s
BM_Matmul_Default_512_64_16_false_false_bfloat16_cpu_1           49112      14239	 21350.8M items/s
BM_Matmul_Mkl_512_64_16_false_false_bfloat16_cpu_1               38516      18381	 27224.2M items/s
BM_Matmul_Default_512_64_16_false_false_bfloat16_cpu_2           49688      14201	 21103.3M items/s
BM_Matmul_Mkl_512_64_16_false_false_bfloat16_cpu_2               71223       9603	 14722.5M items/s
BM_Matmul_Default_512_64_16_false_false_bfloat16_cpu_4           49318      14131	 21261.4M items/s
BM_Matmul_Mkl_512_64_16_false_false_bfloat16_cpu_4               75695       9215	 13852.6M items/s
BM_Matmul_Default_512_64_16_false_false_bfloat16_cpu_8           48989      14265	 21404.4M items/s
BM_Matmul_Mkl_512_64_16_false_false_bfloat16_cpu_8               87071       7826	 12042.8M items/s
BM_Matmul_Default_512_64_16_false_false_bfloat16_cpu_16          49118      14066	 21348.2M items/s
BM_Matmul_Mkl_512_64_16_false_false_bfloat16_cpu_16             128923       5376	 8133.3M items/s
BM_Matmul_Default_512_432_512_false_false_float_cpu_1          1304641        526	 173605.2M items/s
BM_Matmul_Mkl_512_432_512_false_false_float_cpu_1              1079151        648	 209880.1M items/s
BM_Matmul_Default_512_432_512_false_false_float_cpu_2           790704        861	 286444.1M items/s
BM_Matmul_Mkl_512_432_512_false_false_float_cpu_2               865263        807	 261761.4M items/s
BM_Matmul_Default_512_432_512_false_false_float_cpu_4           553121       1000	 409480.8M items/s
BM_Matmul_Mkl_512_432_512_false_false_float_cpu_4               324282       2163	 698441.7M items/s
BM_Matmul_Default_512_432_512_false_false_float_cpu_8           368742       1894	 614229.5M items/s
BM_Matmul_Mkl_512_432_512_false_false_float_cpu_8               208172       3388	 1088005.7M items/s
BM_Matmul_Default_512_432_512_false_false_float_cpu_16          309580       2292	 731612.3M items/s
BM_Matmul_Mkl_512_432_512_false_false_float_cpu_16              180206       3853	 1256850.5M items/s
BM_Matmul_Default_512_432_512_false_false_bfloat16_cpu_1       1578056        414	 143526.3M items/s
BM_Matmul_Mkl_512_432_512_false_false_bfloat16_cpu_1           2178495        313	 103967.4M items/s
BM_Matmul_Default_512_432_512_false_false_bfloat16_cpu_2       1207433        545	 187581.8M items/s
BM_Matmul_Mkl_512_432_512_false_false_bfloat16_cpu_2           1145827        588	 197667.3M items/s
BM_Matmul_Default_512_432_512_false_false_bfloat16_cpu_4        965039        684	 234697.6M items/s
BM_Matmul_Mkl_512_432_512_false_false_bfloat16_cpu_4            645733        985	 350752.4M items/s
BM_Matmul_Default_512_432_512_false_false_bfloat16_cpu_8        886640        744	 255450.3M items/s
BM_Matmul_Mkl_512_432_512_false_false_bfloat16_cpu_8            414835       1666	 545982.0M items/s
BM_Matmul_Default_512_432_512_false_false_bfloat16_cpu_16       721659        919	 313849.5M items/s
BM_Matmul_Mkl_512_432_512_false_false_bfloat16_cpu_16           412972       1706	 548444.4M items/s
BM_Matmul_Default_512_256_1_false_false_float_cpu_1              24454      28523	 10719.9M items/s
BM_Matmul_Mkl_512_256_1_false_false_float_cpu_1                  24637      28497	 10640.2M items/s
BM_Matmul_Default_512_256_1_false_false_float_cpu_2              23533      29469	 11139.5M items/s
BM_Matmul_Mkl_512_256_1_false_false_float_cpu_2                  47431      14807	 5526.9M items/s
BM_Matmul_Default_512_256_1_false_false_float_cpu_4              24334      28650	 10772.9M items/s
BM_Matmul_Mkl_512_256_1_false_false_float_cpu_4                  43320      15844	 6051.3M items/s
BM_Matmul_Default_512_256_1_false_false_float_cpu_8              24035      28612	 10907.0M items/s
BM_Matmul_Mkl_512_256_1_false_false_float_cpu_8                  52717      10000	 4972.6M items/s
BM_Matmul_Default_512_256_1_false_false_float_cpu_16             24772      28431	 10582.5M items/s
BM_Matmul_Mkl_512_256_1_false_false_float_cpu_16                 71664       9600	 3658.0M items/s
BM_Matmul_Default_512_256_1_false_false_bfloat16_cpu_1           73758       9259	 3554.1M items/s
BM_Matmul_Mkl_512_256_1_false_false_bfloat16_cpu_1               29580      25071	 8862.2M items/s
BM_Matmul_Default_512_256_1_false_false_bfloat16_cpu_2           72894       9296	 3596.3M items/s
BM_Matmul_Mkl_512_256_1_false_false_bfloat16_cpu_2               62405      10000	 4200.7M items/s
BM_Matmul_Default_512_256_1_false_false_bfloat16_cpu_4           73544       9293	 3564.5M items/s
BM_Matmul_Mkl_512_256_1_false_false_bfloat16_cpu_4               56139      10000	 4669.6M items/s
BM_Matmul_Default_512_256_1_false_false_bfloat16_cpu_8           73856       9110	 3549.4M items/s
BM_Matmul_Mkl_512_256_1_false_false_bfloat16_cpu_8               79295       8518	 3305.9M items/s
BM_Matmul_Default_512_256_1_false_false_bfloat16_cpu_16          73777       9197	 3553.2M items/s
BM_Matmul_Mkl_512_256_1_false_false_bfloat16_cpu_16              99115       6878	 2644.8M items/s
BM_Matmul_Default_512_2198_1024_false_false_float_cpu_1       12961740        100	 177813.3M items/s
BM_Matmul_Mkl_512_2198_1024_false_false_float_cpu_1           12198990        100	 188931.2M items/s
BM_Matmul_Default_512_2198_1024_false_false_float_cpu_2        6910600        100	 333512.3M items/s
BM_Matmul_Mkl_512_2198_1024_false_false_float_cpu_2            6513950        100	 353820.7M items/s
BM_Matmul_Default_512_2198_1024_false_false_float_cpu_4        4140170        165	 556684.9M items/s
BM_Matmul_Mkl_512_2198_1024_false_false_float_cpu_4            3194755        216	 721423.2M items/s
BM_Matmul_Default_512_2198_1024_false_false_float_cpu_8        2703684        247	 852455.3M items/s
BM_Matmul_Mkl_512_2198_1024_false_false_float_cpu_8            1921146        288	 1199685.1M items/s
BM_Matmul_Default_512_2198_1024_false_false_float_cpu_16       1946765        358	 1183897.2M items/s
BM_Matmul_Mkl_512_2198_1024_false_false_float_cpu_16           1215856        582	 1895595.1M items/s
BM_Matmul_Default_512_2198_1024_false_false_bfloat16_cpu_1    15491790        100	 148773.6M items/s
BM_Matmul_Mkl_512_2198_1024_false_false_bfloat16_cpu_1        22352080        100	 103112.1M items/s
BM_Matmul_Default_512_2198_1024_false_false_bfloat16_cpu_2     9568420        100	 240872.6M items/s
BM_Matmul_Mkl_512_2198_1024_false_false_bfloat16_cpu_2        11934530        100	 193117.8M items/s
BM_Matmul_Default_512_2198_1024_false_false_bfloat16_cpu_4     6568190        100	 350898.8M items/s
BM_Matmul_Mkl_512_2198_1024_false_false_bfloat16_cpu_4         6124540        100	 376317.2M items/s
BM_Matmul_Default_512_2198_1024_false_false_bfloat16_cpu_8     5211550        100	 442242.7M items/s
BM_Matmul_Mkl_512_2198_1024_false_false_bfloat16_cpu_8         3258211        199	 707372.9M items/s
BM_Matmul_Default_512_2198_1024_false_false_bfloat16_cpu_16    3839358        165	 600301.0M items/s
BM_Matmul_Mkl_512_2198_1024_false_false_bfloat16_cpu_16        2029866        299	 1135429.5M items/s
BM_Matmul_Default_512_1024_512_false_false_float_cpu_1         2997493        229	 179106.6M items/s
BM_Matmul_Mkl_512_1024_512_false_false_float_cpu_1             2499516        277	 214789.9M items/s
BM_Matmul_Default_512_1024_512_false_false_float_cpu_2         1847671        377	 290566.3M items/s
BM_Matmul_Mkl_512_1024_512_false_false_float_cpu_2             1290860        542	 415901.8M items/s
BM_Matmul_Default_512_1024_512_false_false_float_cpu_4         1102619        628	 486905.0M items/s
BM_Matmul_Mkl_512_1024_512_false_false_float_cpu_4              692456        976	 775314.2M items/s
BM_Matmul_Default_512_1024_512_false_false_float_cpu_8          760582        871	 705868.5M items/s
BM_Matmul_Mkl_512_1024_512_false_false_float_cpu_8              398360       1762	 1347703.5M items/s
BM_Matmul_Default_512_1024_512_false_false_float_cpu_16         647575       1000	 829048.2M items/s
BM_Matmul_Mkl_512_1024_512_false_false_float_cpu_16             301335       2284	 1781644.4M items/s
BM_Matmul_Default_512_1024_512_false_false_bfloat16_cpu_1      3599455        187	 149153.4M items/s
BM_Matmul_Mkl_512_1024_512_false_false_bfloat16_cpu_1          5242710        100	 102403.3M items/s
BM_Matmul_Default_512_1024_512_false_false_bfloat16_cpu_2      2550204        255	 210520.8M items/s
BM_Matmul_Mkl_512_1024_512_false_false_bfloat16_cpu_2          2719992        243	 197379.6M items/s
BM_Matmul_Default_512_1024_512_false_false_bfloat16_cpu_4      1883666        344	 285013.9M items/s
BM_Matmul_Mkl_512_1024_512_false_false_bfloat16_cpu_4          1413504        454	 379815.5M items/s
BM_Matmul_Default_512_1024_512_false_false_bfloat16_cpu_8      1633205        380	 328722.3M items/s
BM_Matmul_Mkl_512_1024_512_false_false_bfloat16_cpu_8           806755        739	 665469.5M items/s
BM_Matmul_Default_512_1024_512_false_false_bfloat16_cpu_16     1384263        487	 387838.9M items/s
BM_Matmul_Mkl_512_1024_512_false_false_bfloat16_cpu_16          674730        862	 795682.9M items/s
BM_Matmul_Default_512_429_1024_false_false_float_cpu_1         2579663        264	 174379.0M items/s
BM_Matmul_Mkl_512_429_1024_false_false_float_cpu_1             2128875        328	 211303.7M items/s
BM_Matmul_Default_512_429_1024_false_false_float_cpu_2         1477049        467	 304552.5M items/s
BM_Matmul_Mkl_512_429_1024_false_false_float_cpu_2             1094721        628	 410916.5M items/s
BM_Matmul_Default_512_429_1024_false_false_float_cpu_4          968195        696	 464616.0M items/s
BM_Matmul_Mkl_512_429_1024_false_false_float_cpu_4              596251       1000	 754445.9M items/s
BM_Matmul_Default_512_429_1024_false_false_float_cpu_8          622209       1000	 722971.1M items/s
BM_Matmul_Mkl_512_429_1024_false_false_float_cpu_8              348029       2007	 1292533.8M items/s
BM_Matmul_Default_512_429_1024_false_false_float_cpu_16         490372       1429	 917342.0M items/s
BM_Matmul_Mkl_512_429_1024_false_false_float_cpu_16             282603       2430	 1591771.1M items/s
BM_Matmul_Default_512_429_1024_false_false_bfloat16_cpu_1      3053973        221	 147296.4M items/s
BM_Matmul_Mkl_512_429_1024_false_false_bfloat16_cpu_1          4355340        159	 103284.5M items/s
BM_Matmul_Default_512_429_1024_false_false_bfloat16_cpu_2      2211733        307	 203387.6M items/s
BM_Matmul_Mkl_512_429_1024_false_false_bfloat16_cpu_2          2245203        301	 200355.7M items/s
BM_Matmul_Default_512_429_1024_false_false_bfloat16_cpu_4      1662285        397	 270615.0M items/s
BM_Matmul_Mkl_512_429_1024_false_false_bfloat16_cpu_4          1194397        539	 376624.4M items/s
BM_Matmul_Default_512_429_1024_false_false_bfloat16_cpu_8      1406884        464	 319741.5M items/s
BM_Matmul_Mkl_512_429_1024_false_false_bfloat16_cpu_8           716604        863	 627737.6M items/s
BM_Matmul_Default_512_429_1024_false_false_bfloat16_cpu_16     1191089        548	 377670.3M items/s
BM_Matmul_Mkl_512_429_1024_false_false_bfloat16_cpu_16          622636        981	 722475.2M items/s
BM_Matmul_Default_512_1024_256_false_false_float_cpu_1         1502195        456	 178695.5M items/s
BM_Matmul_Mkl_512_1024_256_false_false_float_cpu_1             1299744        535	 206529.5M items/s
BM_Matmul_Default_512_1024_256_false_false_float_cpu_2          964710        693	 278255.1M items/s
BM_Matmul_Mkl_512_1024_256_false_false_float_cpu_2              681633       1000	 393812.3M items/s
BM_Matmul_Default_512_1024_256_false_false_float_cpu_4          609972       1000	 440078.3M items/s
BM_Matmul_Mkl_512_1024_256_false_false_float_cpu_4              414500       1713	 647612.2M items/s
BM_Matmul_Default_512_1024_256_false_false_float_cpu_8          433796       1643	 618805.6M items/s
BM_Matmul_Mkl_512_1024_256_false_false_float_cpu_8              299954       2779	 894922.3M items/s
BM_Matmul_Default_512_1024_256_false_false_float_cpu_16         406152       1734	 660923.2M items/s
BM_Matmul_Mkl_512_1024_256_false_false_float_cpu_16             215459       3252	 1245874.8M items/s
BM_Matmul_Default_512_1024_256_false_false_bfloat16_cpu_1      1914263        331	 140229.2M items/s
BM_Matmul_Mkl_512_1024_256_false_false_bfloat16_cpu_1          2594466        262	 103464.6M items/s
BM_Matmul_Default_512_1024_256_false_false_bfloat16_cpu_2      1595717        410	 168222.5M items/s
BM_Matmul_Mkl_512_1024_256_false_false_bfloat16_cpu_2          1355320        487	 198060.5M items/s
BM_Matmul_Default_512_1024_256_false_false_bfloat16_cpu_4      1255072        501	 213880.5M items/s
BM_Matmul_Mkl_512_1024_256_false_false_bfloat16_cpu_4           743018        829	 361277.1M items/s
BM_Matmul_Default_512_1024_256_false_false_bfloat16_cpu_8      1114515        588	 240854.0M items/s
BM_Matmul_Mkl_512_1024_256_false_false_bfloat16_cpu_8           461911       1502	 581141.3M items/s
BM_Matmul_Default_512_1024_256_false_false_bfloat16_cpu_16     1015826        643	 264253.4M items/s
BM_Matmul_Mkl_512_1024_256_false_false_bfloat16_cpu_16          450797       1533	 595468.4M items/s
BM_Matmul_Default_512_256_32_false_false_float_cpu_1             86924       8073	 96505.6M items/s
BM_Matmul_Mkl_512_256_32_false_false_float_cpu_1                 63294      10000	 132534.2M items/s
BM_Matmul_Default_512_256_32_false_false_float_cpu_2             76468       9095	 109701.1M items/s
BM_Matmul_Mkl_512_256_32_false_false_float_cpu_2                 63860      10000	 131358.3M items/s
BM_Matmul_Default_512_256_32_false_false_float_cpu_4             92961       7484	 90237.6M items/s
BM_Matmul_Mkl_512_256_32_false_false_float_cpu_4                 62594      10000	 134017.0M items/s
BM_Matmul_Default_512_256_32_false_false_float_cpu_8             77463       9012	 108291.7M items/s
BM_Matmul_Mkl_512_256_32_false_false_float_cpu_8                 65543      10000	 127987.1M items/s
BM_Matmul_Default_512_256_32_false_false_float_cpu_16            77595       8927	 108107.0M items/s
BM_Matmul_Mkl_512_256_32_false_false_float_cpu_16                83302       8370	 100701.0M items/s
BM_Matmul_Default_512_256_32_false_false_bfloat16_cpu_1         144442       4715	 58076.1M items/s
BM_Matmul_Mkl_512_256_32_false_false_bfloat16_cpu_1             112484       6078	 74576.2M items/s
BM_Matmul_Default_512_256_32_false_false_bfloat16_cpu_2         153123       4458	 54783.6M items/s
BM_Matmul_Mkl_512_256_32_false_false_bfloat16_cpu_2             112582       6148	 74511.0M items/s
BM_Matmul_Default_512_256_32_false_false_bfloat16_cpu_4         166275       4320	 50450.1M items/s
BM_Matmul_Mkl_512_256_32_false_false_bfloat16_cpu_4             104671       6598	 80142.6M items/s
BM_Matmul_Default_512_256_32_false_false_bfloat16_cpu_8         155382       4462	 53986.9M items/s
BM_Matmul_Mkl_512_256_32_false_false_bfloat16_cpu_8             107446       6446	 78072.7M items/s
BM_Matmul_Default_512_256_32_false_false_bfloat16_cpu_16        159762       4476	 52507.0M items/s
BM_Matmul_Mkl_512_256_32_false_false_bfloat16_cpu_16            146679       4749	 57190.4M items/s
BM_Matmul_Default_512_49_128_false_false_float_cpu_1             74565       9329	 86133.1M items/s
BM_Matmul_Mkl_512_49_128_false_false_float_cpu_1                 55458      10000	 115809.1M items/s
BM_Matmul_Default_512_49_128_false_false_float_cpu_2             74445       9393	 86271.7M items/s
BM_Matmul_Mkl_512_49_128_false_false_float_cpu_2                 59434      10000	 108061.9M items/s
BM_Matmul_Default_512_49_128_false_false_float_cpu_4             74206       9306	 86549.7M items/s
BM_Matmul_Mkl_512_49_128_false_false_float_cpu_4                 63580      10000	 101015.1M items/s
BM_Matmul_Default_512_49_128_false_false_float_cpu_8             74390       9298	 86336.2M items/s
BM_Matmul_Mkl_512_49_128_false_false_float_cpu_8                 71991       9494	 89212.5M items/s
BM_Matmul_Default_512_49_128_false_false_float_cpu_16            74695       9394	 85983.0M items/s
BM_Matmul_Mkl_512_49_128_false_false_float_cpu_16                92729       7547	 69261.0M items/s
BM_Matmul_Default_512_49_128_false_false_bfloat16_cpu_1         105121       6609	 61096.6M items/s
BM_Matmul_Mkl_512_49_128_false_false_bfloat16_cpu_1              92422       7395	 69491.1M items/s
BM_Matmul_Default_512_49_128_false_false_bfloat16_cpu_2         105547       6636	 60849.8M items/s
BM_Matmul_Mkl_512_49_128_false_false_bfloat16_cpu_2             107918       6544	 59513.0M items/s
BM_Matmul_Default_512_49_128_false_false_bfloat16_cpu_4         105106       6630	 61105.2M items/s
BM_Matmul_Mkl_512_49_128_false_false_bfloat16_cpu_4             106732       6500	 60174.4M items/s
BM_Matmul_Default_512_49_128_false_false_bfloat16_cpu_8         105189       6391	 61057.1M items/s
BM_Matmul_Mkl_512_49_128_false_false_bfloat16_cpu_8             122994       5608	 52218.2M items/s
BM_Matmul_Default_512_49_128_false_false_bfloat16_cpu_16        105393       6647	 60938.9M items/s
BM_Matmul_Mkl_512_49_128_false_false_bfloat16_cpu_16            161272       4317	 39824.2M items/s
BM_Matmul_Default_512_128_64_false_false_float_cpu_1             80674       8795	 103981.7M items/s
BM_Matmul_Mkl_512_128_64_false_false_float_cpu_1                 66061      10000	 126983.1M items/s
BM_Matmul_Default_512_128_64_false_false_float_cpu_2             78817       8949	 106431.1M items/s
BM_Matmul_Mkl_512_128_64_false_false_float_cpu_2                 65027      10000	 129002.1M items/s
BM_Matmul_Default_512_128_64_false_false_float_cpu_4             78593       8836	 106734.3M items/s
BM_Matmul_Mkl_512_128_64_false_false_float_cpu_4                 63544      10000	 132013.0M items/s
BM_Matmul_Default_512_128_64_false_false_float_cpu_8             78629       8861	 106685.7M items/s
BM_Matmul_Mkl_512_128_64_false_false_float_cpu_8                 67655      10000	 123991.7M items/s
BM_Matmul_Default_512_128_64_false_false_float_cpu_16            79109       8847	 106039.1M items/s
BM_Matmul_Mkl_512_128_64_false_false_float_cpu_16                87608       8023	 95751.2M items/s
BM_Matmul_Default_512_128_64_false_false_bfloat16_cpu_1         115388       5859	 72699.4M items/s
BM_Matmul_Mkl_512_128_64_false_false_bfloat16_cpu_1             110976       6211	 75589.5M items/s
BM_Matmul_Default_512_128_64_false_false_bfloat16_cpu_2         115383       6027	 72702.1M items/s
BM_Matmul_Mkl_512_128_64_false_false_bfloat16_cpu_2             113809       6107	 73707.5M items/s
BM_Matmul_Default_512_128_64_false_false_bfloat16_cpu_4         115114       6017	 72872.3M items/s
BM_Matmul_Mkl_512_128_64_false_false_bfloat16_cpu_4             107579       6446	 77976.3M items/s
BM_Matmul_Default_512_128_64_false_false_bfloat16_cpu_8         115724       6031	 72487.8M items/s
BM_Matmul_Mkl_512_128_64_false_false_bfloat16_cpu_8             111586       6183	 75176.3M items/s
BM_Matmul_Default_512_128_64_false_false_bfloat16_cpu_16        115454       6025	 72657.5M items/s
BM_Matmul_Mkl_512_128_64_false_false_bfloat16_cpu_16            149933       4695	 55949.2M items/s
BM_Matmul_Default_512_64_1_false_false_float_cpu_1               20628      34029	 3177.0M items/s
BM_Matmul_Mkl_512_64_1_false_false_float_cpu_1                   20798      33863	 3151.1M items/s
BM_Matmul_Default_512_64_1_false_false_float_cpu_2               21016      33607	 3118.4M items/s
BM_Matmul_Mkl_512_64_1_false_false_float_cpu_2                   43848      15941	 1494.6M items/s
BM_Matmul_Default_512_64_1_false_false_float_cpu_4               20887      33858	 3137.6M items/s
BM_Matmul_Mkl_512_64_1_false_false_float_cpu_4                   38716      17968	 1692.7M items/s
BM_Matmul_Default_512_64_1_false_false_float_cpu_8               21266      33236	 3081.8M items/s
BM_Matmul_Mkl_512_64_1_false_false_float_cpu_8                   50655      10000	 1293.8M items/s
BM_Matmul_Default_512_64_1_false_false_float_cpu_16              20626      33020	 3177.3M items/s
BM_Matmul_Mkl_512_64_1_false_false_float_cpu_16                  54688      10000	 1198.4M items/s
BM_Matmul_Default_512_64_1_false_false_bfloat16_cpu_1            36225      19181	 1809.2M items/s
BM_Matmul_Mkl_512_64_1_false_false_bfloat16_cpu_1                25087      27901	 2612.4M items/s
BM_Matmul_Default_512_64_1_false_false_bfloat16_cpu_2            36625      19057	 1789.4M items/s
BM_Matmul_Mkl_512_64_1_false_false_bfloat16_cpu_2                59215      10000	 1106.8M items/s
BM_Matmul_Default_512_64_1_false_false_bfloat16_cpu_4            36491      19029	 1795.9M items/s
BM_Matmul_Mkl_512_64_1_false_false_bfloat16_cpu_4                58351      10000	 1123.1M items/s
BM_Matmul_Default_512_64_1_false_false_bfloat16_cpu_8            36358      19196	 1802.5M items/s
BM_Matmul_Mkl_512_64_1_false_false_bfloat16_cpu_8                70363       9898	 931.4M items/s
BM_Matmul_Default_512_64_1_false_false_bfloat16_cpu_16           36574      19048	 1791.9M items/s
BM_Matmul_Mkl_512_64_1_false_false_bfloat16_cpu_16               92209       7673	 710.7M items/s
================================================================================
//tensorflow/core/kernels:mkl_matmul_op_test                             [0m[32mPASSED[0m in 406.6s

Executed 1 out of 1 test: 1 test passes.
